18:08:57.672 [main                     ] DEBUG Logger               - Configured Logger
18:08:57.701 [main                     ] DEBUG GameApplication      - Logging settings
Title: Simulador de restaurant
Version: 0.0
Width: 800
Height: 600
Fullscreen: false
Intro: false
Profiling: false
Single step:false
App Mode: DEVELOPER
Menu Key: ESCAPE
Stage Style: DECORATED
Scene Factory: class com.almasb.fxgl.app.scene.SceneFactory

18:08:58.403 [JavaFX Application Thread] DEBUG FXGLApplication      - Initializing FXGL
18:08:58.407 [JavaFX Application Thread] INFO  Engine               - FXGL-17.3 (30.03.2023 11.49) on WINDOWS (J:17.0.5 FX:20)
18:08:58.407 [JavaFX Application Thread] DEBUG Engine               - JRE Vendor Name: Oracle Corporation
18:08:58.407 [JavaFX Application Thread] DEBUG Engine               - Running on OS: Windows 11 version 10.0
18:08:58.407 [JavaFX Application Thread] DEBUG Engine               - Architecture: amd64
18:08:58.407 [JavaFX Application Thread] INFO  Engine               - Source code and latest versions at: https://github.com/AlmasB/FXGL
18:08:58.407 [JavaFX Application Thread] INFO  Engine               -       Ask questions and discuss at: https://github.com/AlmasB/FXGL/discussions
18:08:58.408 [JavaFX Application Thread] INFO  Engine               -              Join the FXGL chat at: https://gitter.im/AlmasB/FXGL
18:08:58.536 [JavaFX Application Thread] DEBUG PrimaryStageWindow   - Creating a JavaFX scene
18:08:58.590 [JavaFX Application Thread] DEBUG PrimaryStageWindow   - Target settings size: 800.0 x 600.0
18:08:58.591 [JavaFX Application Thread] DEBUG PrimaryStageWindow   - Scaled scene size:    800.0 x 600.0
18:08:58.591 [JavaFX Application Thread] DEBUG PrimaryStageWindow   - Scaled ratio: (1.0, 1.0)
18:08:58.592 [JavaFX Application Thread] DEBUG PrimaryStageWindow   - Set initial scene to FXGLStartupScene
18:08:58.596 [JavaFX Application Thread] DEBUG PrimaryStageWindow   - Opening main window
18:08:58.734 [JavaFX Application Thread] DEBUG PrimaryStageWindow   - Window border size: (14.4000244140625, 37.5999755859375)
18:08:58.734 [JavaFX Application Thread] DEBUG PrimaryStageWindow   - Scaled size: 800.0 x 600.0
18:08:58.734 [JavaFX Application Thread] DEBUG PrimaryStageWindow   - Scaled ratio: (1.0, 1.0)
18:08:58.734 [JavaFX Application Thread] DEBUG PrimaryStageWindow   - Scene size: 800.0 x 600.0
18:08:58.735 [JavaFX Application Thread] DEBUG PrimaryStageWindow   - Stage size: 814.4000244140625 x 637.5999755859375
18:08:58.749 [FXGL Background Thread 1 ] DEBUG Engine               - Initializing environment variables
18:08:58.784 [FXGL Background Thread 1 ] DEBUG FXGLAssetLoaderServi - User app class for loading assets: class org.example.game.Main
18:08:58.785 [FXGL Background Thread 1 ] DEBUG GameApplicationServi - Applying CSS: fxgl_dark.css
18:08:58.786 [FXGL Background Thread 1 ] DEBUG FXGLAssetLoaderServi - Loading from file system: jar:file:/C:/Users/adrib/.m2/repository/com/github/almasb/fxgl/17.3/fxgl-17.3.jar!/fxglassets/ui/css/fxgl_dark.css
18:08:58.838 [FXGL Background Thread 1 ] DEBUG GameApplicationServi - Initializing application scenes
18:08:58.908 [FXGL Background Thread 1 ] DEBUG GameWorld            - Game world initialized
18:08:58.973 [FXGL Background Thread 1 ] DEBUG PhysicsWorld         - Physics world initialized: appHeight=600, physics.ppm=50.0
18:08:58.974 [FXGL Background Thread 1 ] DEBUG PhysicsWorld         - Using strategy: BRUTE_FORCE
18:08:58.977 [FXGL Background Thread 1 ] DEBUG GameScene            - Game scene initialized: 800x600
18:08:58.990 [FXGL Background Thread 1 ] DEBUG FXGL.DefaultMenu     - createMenuBodyGameMenu()
18:08:59.016 [FXGL Background Thread 1 ] DEBUG FXGL.DefaultMenu     - createOptionsMenu()
18:08:59.027 [FXGL Background Thread 1 ] DEBUG FXGLAssetLoaderServi - Loading from file system: jar:file:/C:/Users/adrib/.m2/repository/com/github/almasb/fxgl/17.3/fxgl-17.3.jar!/fxglassets/textures/particles/smoke.png
18:08:59.098 [FXGL Background Thread 1 ] DEBUG FXGLAssetLoaderServi - Loading from file system: jar:file:/C:/Users/adrib/.m2/repository/com/github/almasb/fxgl/17.3/fxgl-17.3.jar!/fxglassets/textures/particles/trace_horizontal.png
18:08:59.120 [FXGL Background Thread 1 ] DEBUG GameApplicationServi - Application scenes initialized
18:08:59.131 [FXGL Background Thread 1 ] DEBUG SystemBundleService  - Loading FXGL system data
18:08:59.132 [FXGL Background Thread 1 ] DEBUG FileSystemAccess     - Reading from: C:\Users\adrib\Documents\7to Cuatri\Programacion Concurrente\Corte 3\Proyecto_Simulador\system\fxgl.bundle
18:08:59.136 [FXGL Background Thread 1 ] DEBUG SystemBundleService  - Bundle FXGL: {}
18:08:59.136 [FXGL Background Thread 1 ] DEBUG UpdaterService       - Checking for updates
18:08:59.141 [FXGL Background Thread 4 ] DEBUG FXGLApplication      - Loading fonts
18:08:59.142 [FXGL Background Thread 4 ] DEBUG FXGLAssetLoaderServi - Loading from file system: jar:file:/C:/Users/adrib/.m2/repository/com/github/almasb/fxgl/17.3/fxgl-17.3.jar!/fxglassets/ui/fonts/VarelaRound-Regular.ttf
18:08:59.144 [FXGL Background Thread 1 ] DEBUG FXGLApplication      - Loading default localization
18:08:59.145 [FXGL Background Thread 1 ] DEBUG FXGLAssetLoaderServi - Loading from file system: jar:file:/C:/Users/adrib/.m2/repository/com/github/almasb/fxgl/17.3/fxgl-17.3.jar!/fxglassets/languages/english.lang
18:08:59.156 [FXGL Background Thread 4 ] DEBUG FXGLAssetLoaderServi - Loading from file system: jar:file:/C:/Users/adrib/.m2/repository/com/github/almasb/fxgl/17.3/fxgl-17.3.jar!/fxglassets/ui/fonts/Abel-Regular.ttf
18:08:59.160 [FXGL Background Thread 4 ] DEBUG FXGLAssetLoaderServi - Loading from file system: jar:file:/C:/Users/adrib/.m2/repository/com/github/almasb/fxgl/17.3/fxgl-17.3.jar!/fxglassets/ui/fonts/TerminalLandMono-Regular.otf
18:08:59.165 [FXGL Background Thread 4 ] DEBUG FXGLAssetLoaderServi - Loading from file system: jar:file:/C:/Users/adrib/.m2/repository/com/github/almasb/fxgl/17.3/fxgl-17.3.jar!/fxglassets/ui/fonts/Courier-Prime.ttf
18:08:59.173 [JavaFX Application Thread] DEBUG FXGLApplication      - Registering font factories with UI factory
18:08:59.179 [FXGL Background Thread 1 ] INFO  FXGLApplication      - FXGL initialization took: 0.431 sec
18:08:59.182 [JavaFX Application Thread] DEBUG FXGLAssetLoaderServi - Loading from file system: jar:file:/C:/Users/adrib/.m2/repository/com/github/almasb/fxgl/17.3/fxgl-17.3.jar!/fxglassets/textures/fxgl_icon.png
18:08:59.201 [JavaFX Application Thread] DEBUG FXGLAssetLoaderServi - Loading from file system: jar:file:/C:/Users/adrib/.m2/repository/com/github/almasb/fxgl/17.3/fxgl-17.3.jar!/fxglassets/textures/fxgl_default_cursor.png
18:08:59.216 [JavaFX Application Thread] DEBUG Input                - Registered new binding: Screenshot - CTRL+8
18:08:59.217 [JavaFX Application Thread] DEBUG Input                - Registered new binding: System info dump - CTRL+9
18:08:59.217 [JavaFX Application Thread] DEBUG Input                - Registered new binding: Restart - CTRL+R
18:08:59.219 [JavaFX Application Thread] DEBUG Input                - Registered new binding: Toggle Debug Camera - CTRL+7
18:08:59.230 [JavaFX Application Thread] DEBUG LoopRunner           - Starting loop
18:08:59.230 [JavaFX Application Thread] DEBUG LoopRunner           - Initializing JavaFX AnimationTimerLoop
18:08:59.232 [JavaFX Application Thread] DEBUG GameApplicationServi - Starting new game
18:08:59.232 [JavaFX Application Thread] DEBUG Input                - Clearing active input actions
18:08:59.244 [JavaFX Application Thread] DEBUG GameApplicationServi - Removing overlay from FXGLStartupScene and adding to FXGLLoadingScene
18:08:59.245 [JavaFX Application Thread] DEBUG PrimaryStageWindow   - FXGLStartupScene -> FXGLLoadingScene
18:08:59.245 [JavaFX Application Thread] DEBUG GameApplicationServi - Clearing previous game
18:08:59.245 [JavaFX Application Thread] DEBUG GameScene            - Clearing game scene
18:08:59.245 [JavaFX Application Thread] DEBUG GameWorld            - Clearing game world
18:08:59.245 [JavaFX Application Thread] DEBUG PhysicsWorld         - Clearing physics world
18:08:59.248 [FXGL Background Thread 1 ] DEBUG FXGLApplication      - Initializing game
18:08:59.250 [FXGL Background Thread 1 ] INFO  FXGLApplication      - Game initialization took: 0.002 sec
18:08:59.317 [JavaFX Application Thread] DEBUG Input                - Clearing active input actions
18:08:59.322 [JavaFX Application Thread] DEBUG GameApplicationServi - Removing overlay from FXGLLoadingScene and adding to GameScene
18:08:59.322 [JavaFX Application Thread] DEBUG PrimaryStageWindow   - FXGLLoadingScene -> GameScene
18:08:59.637 [FXGL Background Thread 2 ] INFO  UpdaterService       - Your current version:  17.3
18:08:59.638 [FXGL Background Thread 2 ] INFO  UpdaterService       - Latest stable version: 21.1
18:09:00.141 [JavaFX Application Thread] DEBUG FXGLApplication      - Exiting FXGL
18:09:00.141 [JavaFX Application Thread] DEBUG LoopRunner           - Stopping loop
18:09:00.141 [JavaFX Application Thread] DEBUG SystemBundleService  - Saving FXGL system data
18:09:00.146 [JavaFX Application Thread] DEBUG FileSystemAccess     - Writing to: C:\Users\adrib\Documents\7to Cuatri\Programacion Concurrente\Corte 3\Proyecto_Simulador\system\fxgl.bundle
18:09:00.148 [JavaFX Application Thread] DEBUG Async                - Shutting down background threads
18:09:00.149 [JavaFX Application Thread] DEBUG PrimaryStageWindow   - Closing main window
18:09:00.199 [JavaFX Application Thread] DEBUG Logger               - Closing Logger
