12:43:43.171 [main                     ] DEBUG Logger               - Configured Logger
12:43:43.201 [main                     ] DEBUG GameApplication      - Logging settings
Title: Pizzería Simulación
Version: 0.0
Width: 1000
Height: 800
Fullscreen: false
Intro: false
Profiling: false
Single step:false
App Mode: DEVELOPER
Menu Key: ESCAPE
Stage Style: DECORATED
Scene Factory: class com.almasb.fxgl.app.scene.SceneFactory

12:43:44.129 [JavaFX Application Thread] DEBUG FXGLApplication      - Initializing FXGL
12:43:44.136 [JavaFX Application Thread] INFO  Engine               - FXGL-17.2 (20.08.2022 16.50) on WINDOWS (J:17.0.5 FX:18)
12:43:44.136 [JavaFX Application Thread] DEBUG Engine               - JRE Vendor Name: Oracle Corporation
12:43:44.137 [JavaFX Application Thread] DEBUG Engine               - Running on OS: Windows 11 version 10.0
12:43:44.137 [JavaFX Application Thread] DEBUG Engine               - Architecture: amd64
12:43:44.137 [JavaFX Application Thread] INFO  Engine               - Source code and latest versions at: https://github.com/AlmasB/FXGL
12:43:44.138 [JavaFX Application Thread] INFO  Engine               -       Ask questions and discuss at: https://github.com/AlmasB/FXGL/discussions
12:43:44.138 [JavaFX Application Thread] INFO  Engine               -              Join the FXGL chat at: https://gitter.im/AlmasB/FXGL
12:43:44.327 [JavaFX Application Thread] DEBUG PrimaryStageWindow   - Creating a JavaFX scene
12:43:44.407 [JavaFX Application Thread] DEBUG PrimaryStageWindow   - Target settings size: 1000.0 x 800.0
12:43:44.407 [JavaFX Application Thread] DEBUG PrimaryStageWindow   - Scaled scene size:    1000.0 x 800.0
12:43:44.407 [JavaFX Application Thread] DEBUG PrimaryStageWindow   - Scaled ratio: (1.0, 1.0)
12:43:44.408 [JavaFX Application Thread] DEBUG PrimaryStageWindow   - Set initial scene to FXGLStartupScene
12:43:44.418 [JavaFX Application Thread] DEBUG PrimaryStageWindow   - Opening main window
12:43:44.570 [JavaFX Application Thread] DEBUG PrimaryStageWindow   - Window border size: (14.4000244140625, 37.5999755859375)
12:43:44.570 [JavaFX Application Thread] DEBUG PrimaryStageWindow   - Scaled size: 1000.0 x 800.0
12:43:44.570 [JavaFX Application Thread] DEBUG PrimaryStageWindow   - Scaled ratio: (1.0, 1.0)
12:43:44.571 [JavaFX Application Thread] DEBUG PrimaryStageWindow   - Scene size: 1000.0 x 800.0
12:43:44.571 [JavaFX Application Thread] DEBUG PrimaryStageWindow   - Stage size: 1014.4000244140625 x 837.5999755859375
12:43:44.581 [FXGL Background Thread 1 ] DEBUG Engine               - Initializing environment variables
12:43:44.623 [FXGL Background Thread 1 ] DEBUG FXGLAssetLoaderServi - User app class for loading assets: class org.example.game.GameScene
12:43:44.624 [FXGL Background Thread 1 ] DEBUG GameApplicationServi - Applying CSS: fxgl_dark.css
12:43:44.626 [FXGL Background Thread 1 ] DEBUG FXGLAssetLoaderServi - Loading from file system: jar:file:/C:/Users/adrib/.m2/repository/com/github/almasb/fxgl/17.2/fxgl-17.2.jar!/fxglassets/ui/css/fxgl_dark.css
12:43:44.695 [FXGL Background Thread 1 ] DEBUG GameApplicationServi - Initializing application scenes
12:43:44.786 [FXGL Background Thread 1 ] DEBUG GameWorld            - Game world initialized
12:43:44.857 [FXGL Background Thread 1 ] DEBUG PhysicsWorld         - Physics world initialized: appHeight=800, physics.ppm=50.0
12:43:44.858 [FXGL Background Thread 1 ] DEBUG PhysicsWorld         - Using strategy: BRUTE_FORCE
12:43:44.861 [FXGL Background Thread 1 ] DEBUG GameScene            - Game scene initialized: 1000x800
12:43:44.870 [FXGL Background Thread 1 ] DEBUG FXGL.DefaultMenu     - createMenuBodyGameMenu()
12:43:44.885 [FXGL Background Thread 1 ] DEBUG FXGL.DefaultMenu     - createOptionsMenu()
12:43:44.895 [FXGL Background Thread 1 ] DEBUG FXGLAssetLoaderServi - Loading from file system: jar:file:/C:/Users/adrib/.m2/repository/com/github/almasb/fxgl/17.2/fxgl-17.2.jar!/fxglassets/textures/particles/smoke.png
12:43:44.972 [FXGL Background Thread 1 ] DEBUG FXGLAssetLoaderServi - Loading from file system: jar:file:/C:/Users/adrib/.m2/repository/com/github/almasb/fxgl/17.2/fxgl-17.2.jar!/fxglassets/textures/particles/trace_horizontal.png
12:43:44.990 [FXGL Background Thread 1 ] DEBUG GameApplicationServi - Application scenes initialized
12:43:45.007 [FXGL Background Thread 1 ] DEBUG SystemBundleService  - Loading FXGL system data
12:43:45.010 [FXGL Background Thread 1 ] DEBUG FileSystemAccess     - Reading from: C:\Users\adrib\Documents\7to Cuatri\Programacion Concurrente\Corte 3\Proyecto_Simulador\system\fxgl.bundle
12:43:45.013 [FXGL Background Thread 1 ] DEBUG SystemBundleService  - Bundle FXGL: {}
12:43:45.013 [FXGL Background Thread 1 ] DEBUG UpdaterService       - Checking for updates
12:43:45.018 [FXGL Background Thread 4 ] DEBUG FXGLApplication      - Loading fonts
12:43:45.018 [FXGL Background Thread 4 ] DEBUG FXGLAssetLoaderServi - Loading from file system: jar:file:/C:/Users/adrib/.m2/repository/com/github/almasb/fxgl/17.2/fxgl-17.2.jar!/fxglassets/ui/fonts/VarelaRound-Regular.ttf
12:43:45.018 [FXGL Background Thread 1 ] DEBUG FXGLApplication      - Loading default localization
12:43:45.019 [FXGL Background Thread 1 ] DEBUG FXGLAssetLoaderServi - Loading from file system: jar:file:/C:/Users/adrib/.m2/repository/com/github/almasb/fxgl/17.2/fxgl-17.2.jar!/fxglassets/languages/english.lang
12:43:45.026 [FXGL Background Thread 4 ] DEBUG FXGLAssetLoaderServi - Loading from file system: jar:file:/C:/Users/adrib/.m2/repository/com/github/almasb/fxgl/17.2/fxgl-17.2.jar!/fxglassets/ui/fonts/Abel-Regular.ttf
12:43:45.030 [FXGL Background Thread 4 ] DEBUG FXGLAssetLoaderServi - Loading from file system: jar:file:/C:/Users/adrib/.m2/repository/com/github/almasb/fxgl/17.2/fxgl-17.2.jar!/fxglassets/ui/fonts/TerminalLandMono-Regular.otf
12:43:45.032 [FXGL Background Thread 4 ] DEBUG FXGLAssetLoaderServi - Loading from file system: jar:file:/C:/Users/adrib/.m2/repository/com/github/almasb/fxgl/17.2/fxgl-17.2.jar!/fxglassets/ui/fonts/Courier-Prime.ttf
12:43:45.038 [JavaFX Application Thread] DEBUG FXGLApplication      - Registering font factories with UI factory
12:43:45.043 [FXGL Background Thread 1 ] INFO  FXGLApplication      - FXGL initialization took: 0.462 sec
12:43:45.045 [JavaFX Application Thread] DEBUG FXGLAssetLoaderServi - Loading from file system: jar:file:/C:/Users/adrib/.m2/repository/com/github/almasb/fxgl/17.2/fxgl-17.2.jar!/fxglassets/textures/fxgl_icon.png
12:43:45.061 [JavaFX Application Thread] DEBUG FXGLAssetLoaderServi - Loading from file system: jar:file:/C:/Users/adrib/.m2/repository/com/github/almasb/fxgl/17.2/fxgl-17.2.jar!/fxglassets/textures/fxgl_default_cursor.png
12:43:45.072 [JavaFX Application Thread] DEBUG Input                - Registered new binding: Screenshot - CTRL+8
12:43:45.073 [JavaFX Application Thread] DEBUG Input                - Registered new binding: System info dump - CTRL+9
12:43:45.074 [JavaFX Application Thread] DEBUG Input                - Registered new binding: Restart - CTRL+R
12:43:45.074 [JavaFX Application Thread] DEBUG Input                - Registered new binding: Toggle Debug Camera - CTRL+7
12:43:45.077 [JavaFX Application Thread] DEBUG LoopRunner           - Starting loop
12:43:45.077 [JavaFX Application Thread] DEBUG LoopRunner           - Initializing JavaFX AnimationTimerLoop
12:43:45.081 [JavaFX Application Thread] DEBUG GameApplicationServi - Starting new game
12:43:45.081 [JavaFX Application Thread] DEBUG Input                - Clearing active input actions
12:43:45.092 [JavaFX Application Thread] DEBUG GameApplicationServi - Removing overlay from FXGLStartupScene and adding to FXGLLoadingScene
12:43:45.092 [JavaFX Application Thread] DEBUG PrimaryStageWindow   - FXGLStartupScene -> FXGLLoadingScene
12:43:45.092 [JavaFX Application Thread] DEBUG GameApplicationServi - Clearing previous game
12:43:45.093 [JavaFX Application Thread] DEBUG GameScene            - Clearing game scene
12:43:45.093 [JavaFX Application Thread] DEBUG GameWorld            - Clearing game world
12:43:45.093 [JavaFX Application Thread] DEBUG PhysicsWorld         - Clearing physics world
12:43:45.095 [FXGL Background Thread 1 ] DEBUG FXGLApplication      - Initializing game
12:43:45.179 [FXGL Background Thread 1 ] DEBUG FXGLAssetLoaderServi - Loading from file system: file:/C:/Users/adrib/Documents/7to%20Cuatri/Programacion%20Concurrente/Corte%203/Proyecto_Simulador/target/classes/assets/textures/mesero.png
12:43:45.199 [FXGL Background Thread 1 ] WARN  GameWorld            - Entity is already attached to world
12:43:45.200 [FXGL Background Thread 1 ] WARN  GameWorld            - Entity is already attached to world
12:43:45.200 [FXGL Background Thread 1 ] WARN  GameWorld            - Entity is already attached to world
12:43:45.203 [FXGL Background Thread 1 ] DEBUG FXGLAssetLoaderServi - Loading from file system: file:/C:/Users/adrib/Documents/7to%20Cuatri/Programacion%20Concurrente/Corte%203/Proyecto_Simulador/target/classes/assets/textures/mesa-vacia.png
12:43:45.208 [FXGL Background Thread 1 ] WARN  GameWorld            - Entity is already attached to world
12:43:45.209 [FXGL Background Thread 1 ] WARN  GameWorld            - Entity is already attached to world
12:43:45.210 [FXGL Background Thread 1 ] WARN  GameWorld            - Entity is already attached to world
12:43:45.211 [FXGL Background Thread 1 ] WARN  GameWorld            - Entity is already attached to world
12:43:45.211 [FXGL Background Thread 1 ] WARN  GameWorld            - Entity is already attached to world
12:43:45.212 [FXGL Background Thread 1 ] WARN  GameWorld            - Entity is already attached to world
12:43:45.212 [FXGL Background Thread 1 ] WARN  GameWorld            - Entity is already attached to world
12:43:45.213 [FXGL Background Thread 1 ] WARN  GameWorld            - Entity is already attached to world
12:43:45.213 [FXGL Background Thread 1 ] WARN  GameWorld            - Entity is already attached to world
12:43:45.214 [FXGL Background Thread 1 ] WARN  GameWorld            - Entity is already attached to world
12:43:45.216 [FXGL Background Thread 1 ] DEBUG FXGLAssetLoaderServi - Loading from file system: file:/C:/Users/adrib/Documents/7to%20Cuatri/Programacion%20Concurrente/Corte%203/Proyecto_Simulador/target/classes/assets/textures/cocinero.png
12:43:45.234 [FXGL Background Thread 1 ] WARN  GameWorld            - Entity is already attached to world
12:43:45.234 [FXGL Background Thread 1 ] WARN  GameWorld            - Entity is already attached to world
12:43:45.246 [FXGL Background Thread 1 ] DEBUG FXGLAssetLoaderServi - Loading from file system: file:/C:/Users/adrib/Documents/7to%20Cuatri/Programacion%20Concurrente/Corte%203/Proyecto_Simulador/target/classes/assets/textures/cliente.png
12:43:45.269 [FXGL Background Thread 1 ] WARN  GameWorld            - Entity is already attached to world
12:43:45.270 [FXGL Background Thread 1 ] WARN  GameWorld            - Entity is already attached to world
12:43:45.272 [FXGL Background Thread 1 ] WARN  GameWorld            - Entity is already attached to world
12:43:45.273 [FXGL Background Thread 1 ] WARN  GameWorld            - Entity is already attached to world
12:43:45.274 [FXGL Background Thread 1 ] WARN  GameWorld            - Entity is already attached to world
12:43:45.277 [FXGL Background Thread 1 ] DEBUG FXGLAssetLoaderServi - Loading from file system: file:/C:/Users/adrib/Documents/7to%20Cuatri/Programacion%20Concurrente/Corte%203/Proyecto_Simulador/target/classes/assets/textures/recepcionista.png
12:43:45.299 [FXGL Background Thread 1 ] WARN  GameWorld            - Entity is already attached to world
12:43:45.309 [JavaFX Application Thread] DEBUG LoopRunner           - Stopping loop
12:43:45.312 [JavaFX Application Thread] FATAL FXGLApplication      - Uncaught Exception:
java.lang.RuntimeException: Initialization failed
	at com.almasb.fxgl.app.FXGLApplication$InitAppTask.failed(FXGLApplication.kt:343)
	at javafx.concurrent.Task.setState(Task.java:710)
	at javafx.concurrent.Task$TaskCallable.lambda$call$2(Task.java:1456)
	at com.sun.javafx.application.PlatformImpl.lambda$runLater$10(PlatformImpl.java:457)
	at java.base/java.security.AccessController.doPrivileged(AccessController.java:399)
	at com.sun.javafx.application.PlatformImpl.lambda$runLater$11(PlatformImpl.java:456)
	at com.sun.glass.ui.InvokeLaterDispatcher$Future.run(InvokeLaterDispatcher.java:96)
	at com.sun.glass.ui.win.WinApplication._runLoop(Native Method)
	at com.sun.glass.ui.win.WinApplication.lambda$runLoop$3(WinApplication.java:184)
	at java.base/java.lang.Thread.run(Thread.java:833)
Caused by: java.lang.ClassCastException: class org.example.entities.Cliente cannot be cast to class org.example.patterns.Observador (org.example.entities.Cliente and org.example.patterns.Observador are in unnamed module of loader 'app')
	at org.example.entities.Cliente.<init>(Cliente.java:19)
	at org.example.game.GameScene.startSimulation(GameScene.java:121)
	at org.example.game.GameScene.initGame(GameScene.java:90)
	at com.almasb.fxgl.app.FXGLApplication$InitAppTask.initGame(FXGLApplication.kt:339)
	at com.almasb.fxgl.app.FXGLApplication$InitAppTask.call(FXGLApplication.kt:319)
	at com.almasb.fxgl.app.FXGLApplication$InitAppTask.call(FXGLApplication.kt:311)
	at javafx.concurrent.Task$TaskCallable.call(Task.java:1426)
	at java.base/java.util.concurrent.FutureTask.run(FutureTask.java:264)
	at java.base/java.util.concurrent.Executors$RunnableAdapter.call(Executors.java:539)
	at java.base/java.util.concurrent.FutureTask.run(FutureTask.java:264)
	at java.base/java.util.concurrent.ThreadPoolExecutor.runWorker(ThreadPoolExecutor.java:1136)
	at java.base/java.util.concurrent.ThreadPoolExecutor$Worker.run(ThreadPoolExecutor.java:635)
	... 1 more

12:43:45.312 [JavaFX Application Thread] FATAL FXGLApplication      - Application will now exit
12:43:45.335 [JavaFX Application Thread] DEBUG PrimaryStageWindow   - Push state: ErrorSubScene
12:43:45.335 [JavaFX Application Thread] DEBUG Input                - Clearing active input actions
12:43:45.348 [JavaFX Application Thread] DEBUG GameApplicationServi - Removing overlay from FXGLLoadingScene and adding to ErrorSubScene
12:43:45.349 [JavaFX Application Thread] DEBUG PrimaryStageWindow   - FXGLLoadingScene -> ErrorSubScene
12:43:45.867 [FXGL Background Thread 2 ] INFO  UpdaterService       - Your current version:  17.2
12:43:45.867 [FXGL Background Thread 2 ] INFO  UpdaterService       - Latest stable version: 21.1
12:43:48.017 [FXGL Background Thread 3 ] DEBUG Engine               - Logging environment variables
12:43:48.017 [FXGL Background Thread 3 ] DEBUG Engine               - achievements: []
12:43:48.017 [FXGL Background Thread 3 ] DEBUG Engine               - actualHeight: 800.0
12:43:48.017 [FXGL Background Thread 3 ] DEBUG Engine               - actualHeightProperty: ReadOnlyDoubleProperty [value: 800.0]
12:43:48.018 [FXGL Background Thread 3 ] DEBUG Engine               - actualWidth: 1000.0
12:43:48.018 [FXGL Background Thread 3 ] DEBUG Engine               - actualWidthProperty: ReadOnlyDoubleProperty [value: 1000.0]
12:43:48.018 [FXGL Background Thread 3 ] DEBUG Engine               - appIcon: fxgl_icon.png
12:43:48.018 [FXGL Background Thread 3 ] DEBUG Engine               - applicationMode: DEVELOPER
12:43:48.018 [FXGL Background Thread 3 ] DEBUG Engine               - cSSList: [fxgl_dark.css]
12:43:48.018 [FXGL Background Thread 3 ] DEBUG Engine               - collisionDetectionStrategy: BRUTE_FORCE
12:43:48.018 [FXGL Background Thread 3 ] DEBUG Engine               - configClass: Optional.empty
12:43:48.018 [FXGL Background Thread 3 ] DEBUG Engine               - credits: []
12:43:48.018 [FXGL Background Thread 3 ] DEBUG Engine               - defaultCursor: CursorInfo(imageName=fxgl_default_cursor.png, hotspotX=7.0, hotspotY=6.0)
12:43:48.018 [FXGL Background Thread 3 ] DEBUG Engine               - devBBoxColorProperty: ObjectProperty [value: 0xff0000ff]
12:43:48.018 [FXGL Background Thread 3 ] DEBUG Engine               - devEnableDebugCameraProperty: BooleanProperty [value: false]
12:43:48.018 [FXGL Background Thread 3 ] DEBUG Engine               - devSensorColorProperty: ObjectProperty [value: 0xffff00ff]
12:43:48.018 [FXGL Background Thread 3 ] DEBUG Engine               - devShowBBoxProperty: BooleanProperty [value: false]
12:43:48.018 [FXGL Background Thread 3 ] DEBUG Engine               - devShowPositionProperty: BooleanProperty [value: false]
12:43:48.018 [FXGL Background Thread 3 ] DEBUG Engine               - enabledMenuItems: []
12:43:48.018 [FXGL Background Thread 3 ] DEBUG Engine               - engineServices: [class com.almasb.fxgl.app.services.FXGLAssetLoaderService, class com.almasb.fxgl.app.FXGLApplication$GameApplicationService, class com.almasb.fxgl.app.services.FXGLDialogService, class com.almasb.fxgl.app.services.IOTaskExecutorService, class com.almasb.fxgl.io.FileSystemService, class com.almasb.fxgl.localization.LocalizationService, class com.almasb.fxgl.app.services.SystemBundleService, class com.almasb.fxgl.profile.SaveLoadService, class com.almasb.fxgl.ui.FXGLUIFactoryServiceProvider, class com.almasb.fxgl.ui.FXGLDialogFactoryServiceProvider, class com.almasb.fxgl.audio.AudioPlayer, class com.almasb.fxgl.notification.impl.NotificationServiceProvider, class com.almasb.fxgl.achievement.AchievementService, class com.almasb.fxgl.cutscene.CutsceneService, class com.almasb.fxgl.minigames.MiniGameService, class com.almasb.fxgl.net.NetService, class com.almasb.fxgl.app.services.UpdaterService, class com.almasb.fxgl.dev.DevService]
12:43:48.018 [FXGL Background Thread 3 ] DEBUG Engine               - fontGame: Abel-Regular.ttf
12:43:48.018 [FXGL Background Thread 3 ] DEBUG Engine               - fontMono: TerminalLandMono-Regular.otf
12:43:48.019 [FXGL Background Thread 3 ] DEBUG Engine               - fontText: Courier-Prime.ttf
12:43:48.019 [FXGL Background Thread 3 ] DEBUG Engine               - fontUI: VarelaRound-Regular.ttf
12:43:48.019 [FXGL Background Thread 3 ] DEBUG Engine               - fullScreen: BooleanProperty [value: false]
12:43:48.019 [FXGL Background Thread 3 ] DEBUG Engine               - gameDifficulty: MEDIUM
12:43:48.019 [FXGL Background Thread 3 ] DEBUG Engine               - gameDifficultyProperty: ObjectProperty [value: MEDIUM]
12:43:48.019 [FXGL Background Thread 3 ] DEBUG Engine               - globalMusicVolume: 0.5
12:43:48.019 [FXGL Background Thread 3 ] DEBUG Engine               - globalMusicVolumeProperty: DoubleProperty [value: 0.5]
12:43:48.019 [FXGL Background Thread 3 ] DEBUG Engine               - globalSoundVolume: 0.5
12:43:48.019 [FXGL Background Thread 3 ] DEBUG Engine               - globalSoundVolumeProperty: DoubleProperty [value: 0.5]
12:43:48.019 [FXGL Background Thread 3 ] DEBUG Engine               - height: 800
12:43:48.019 [FXGL Background Thread 3 ] DEBUG Engine               - is3D: false
12:43:48.019 [FXGL Background Thread 3 ] DEBUG Engine               - isAndroid: false
12:43:48.019 [FXGL Background Thread 3 ] DEBUG Engine               - isBrowser: false
12:43:48.019 [FXGL Background Thread 3 ] DEBUG Engine               - isClickFeedbackEnabled: false
12:43:48.019 [FXGL Background Thread 3 ] DEBUG Engine               - isCloseConfirmation: false
12:43:48.019 [FXGL Background Thread 3 ] DEBUG Engine               - isDesktop: true
12:43:48.019 [FXGL Background Thread 3 ] DEBUG Engine               - isDeveloperMenuEnabled: false
12:43:48.019 [FXGL Background Thread 3 ] DEBUG Engine               - isEmbedded: false
12:43:48.019 [FXGL Background Thread 3 ] DEBUG Engine               - isEntityPreloadEnabled: true
12:43:48.019 [FXGL Background Thread 3 ] DEBUG Engine               - isExperimentalTiledLargeMap: false
12:43:48.019 [FXGL Background Thread 3 ] DEBUG Engine               - isFileSystemWriteAllowed: true
12:43:48.019 [FXGL Background Thread 3 ] DEBUG Engine               - isFullScreenAllowed: false
12:43:48.019 [FXGL Background Thread 3 ] DEBUG Engine               - isFullScreenFromStart: false
12:43:48.019 [FXGL Background Thread 3 ] DEBUG Engine               - isGameMenuEnabled: true
12:43:48.019 [FXGL Background Thread 3 ] DEBUG Engine               - isIOS: false
12:43:48.019 [FXGL Background Thread 3 ] DEBUG Engine               - isIntroEnabled: false
12:43:48.019 [FXGL Background Thread 3 ] DEBUG Engine               - isLinux: false
12:43:48.019 [FXGL Background Thread 3 ] DEBUG Engine               - isMac: false
12:43:48.019 [FXGL Background Thread 3 ] DEBUG Engine               - isMainMenuEnabled: false
12:43:48.019 [FXGL Background Thread 3 ] DEBUG Engine               - isManualResizeEnabled: false
12:43:48.019 [FXGL Background Thread 3 ] DEBUG Engine               - isMobile: false
12:43:48.019 [FXGL Background Thread 3 ] DEBUG Engine               - isNative: false
12:43:48.020 [FXGL Background Thread 3 ] DEBUG Engine               - isPauseMusicWhenMinimized: true
12:43:48.020 [FXGL Background Thread 3 ] DEBUG Engine               - isPreserveResizeRatio: false
12:43:48.020 [FXGL Background Thread 3 ] DEBUG Engine               - isProfilingEnabled: false
12:43:48.020 [FXGL Background Thread 3 ] DEBUG Engine               - isScaleAffectedOnResize: true
12:43:48.020 [FXGL Background Thread 3 ] DEBUG Engine               - isSingleStep: false
12:43:48.020 [FXGL Background Thread 3 ] DEBUG Engine               - isUserProfileEnabled: false
12:43:48.020 [FXGL Background Thread 3 ] DEBUG Engine               - isWindows: true
12:43:48.020 [FXGL Background Thread 3 ] DEBUG Engine               - language: ObjectProperty [value: ENGLISH]
12:43:48.020 [FXGL Background Thread 3 ] DEBUG Engine               - menuKey: ESCAPE
12:43:48.020 [FXGL Background Thread 3 ] DEBUG Engine               - mouseSensitivity: 0.2
12:43:48.020 [FXGL Background Thread 3 ] DEBUG Engine               - notificationViewClass: class com.almasb.fxgl.notification.view.XboxNotificationView
12:43:48.020 [FXGL Background Thread 3 ] DEBUG Engine               - pixelsPerMeter: 50.0
12:43:48.020 [FXGL Background Thread 3 ] DEBUG Engine               - platform: WINDOWS
12:43:48.020 [FXGL Background Thread 3 ] DEBUG Engine               - prefHeightProperty: ReadOnlyDoubleProperty [value: 800.0]
12:43:48.020 [FXGL Background Thread 3 ] DEBUG Engine               - prefWidthProperty: ReadOnlyDoubleProperty [value: 1000.0]
12:43:48.020 [FXGL Background Thread 3 ] DEBUG Engine               - profileDir: profiles/
12:43:48.020 [FXGL Background Thread 3 ] DEBUG Engine               - profileName: StringProperty [value: DEFAULT]
12:43:48.020 [FXGL Background Thread 3 ] DEBUG Engine               - randomSeed: -1
12:43:48.020 [FXGL Background Thread 3 ] DEBUG Engine               - runtimeInfo: RuntimeInfo(platform=WINDOWS, version=17.2, build=20.08.2022 16.50)
12:43:48.020 [FXGL Background Thread 3 ] DEBUG Engine               - saveFileExt: sav
12:43:48.020 [FXGL Background Thread 3 ] DEBUG Engine               - scaledHeightProp$fxgl: DoubleProperty [bound, value: 800.0]
12:43:48.020 [FXGL Background Thread 3 ] DEBUG Engine               - scaledWidthProp$fxgl: DoubleProperty [bound, value: 1000.0]
12:43:48.020 [FXGL Background Thread 3 ] DEBUG Engine               - sceneFactory: com.almasb.fxgl.app.scene.SceneFactory@27975a86
12:43:48.020 [FXGL Background Thread 3 ] DEBUG Engine               - secondsIn24h: 60
12:43:48.021 [FXGL Background Thread 3 ] DEBUG Engine               - soundMenuBack: menu/back.wav
12:43:48.021 [FXGL Background Thread 3 ] DEBUG Engine               - soundMenuPress: menu/press.wav
12:43:48.021 [FXGL Background Thread 3 ] DEBUG Engine               - soundMenuSelect: menu/select.wav
12:43:48.021 [FXGL Background Thread 3 ] DEBUG Engine               - soundNotification: core/notification.wav
12:43:48.021 [FXGL Background Thread 3 ] DEBUG Engine               - stageStyle: DECORATED
12:43:48.021 [FXGL Background Thread 3 ] DEBUG Engine               - supportedLanguages: [ENGLISH, FRENCH, GERMAN, HUNGARIAN, RUSSIAN]
12:43:48.021 [FXGL Background Thread 3 ] DEBUG Engine               - ticksPerSecond: -1
12:43:48.021 [FXGL Background Thread 3 ] DEBUG Engine               - title: Pizzería Simulación
12:43:48.021 [FXGL Background Thread 3 ] DEBUG Engine               - urlGithub: https://github.com/AlmasB/FXGL
12:43:48.021 [FXGL Background Thread 3 ] DEBUG Engine               - urlLeaderboard: http://fxgl-top.herokuapp.com/
12:43:48.021 [FXGL Background Thread 3 ] DEBUG Engine               - urlPOM: https://raw.githubusercontent.com/AlmasB/FXGL/release/README.md
12:43:48.021 [FXGL Background Thread 3 ] DEBUG Engine               - userAppClass: class org.example.game.GameScene
12:43:48.021 [FXGL Background Thread 3 ] DEBUG Engine               - version: 0.0
12:43:48.021 [FXGL Background Thread 3 ] DEBUG Engine               - versionCheckDays: 7
12:43:48.021 [FXGL Background Thread 3 ] DEBUG Engine               - width: 1000
12:43:48.021 [FXGL Background Thread 3 ] DEBUG Engine               - Logging services
12:43:48.021 [FXGL Background Thread 3 ] DEBUG Engine               - class com.almasb.fxgl.app.services.FXGLAssetLoaderService
12:43:48.021 [FXGL Background Thread 3 ] DEBUG Engine               - class com.almasb.fxgl.app.FXGLApplication$GameApplicationService
12:43:48.021 [FXGL Background Thread 3 ] DEBUG Engine               - class com.almasb.fxgl.app.services.FXGLDialogService
12:43:48.021 [FXGL Background Thread 3 ] DEBUG Engine               - class com.almasb.fxgl.app.services.IOTaskExecutorService
12:43:48.021 [FXGL Background Thread 3 ] DEBUG Engine               - class com.almasb.fxgl.io.FileSystemService
12:43:48.021 [FXGL Background Thread 3 ] DEBUG Engine               - class com.almasb.fxgl.localization.LocalizationService
12:43:48.021 [FXGL Background Thread 3 ] DEBUG Engine               - class com.almasb.fxgl.app.services.SystemBundleService
12:43:48.021 [FXGL Background Thread 3 ] DEBUG Engine               - class com.almasb.fxgl.profile.SaveLoadService
12:43:48.021 [FXGL Background Thread 3 ] DEBUG Engine               - class com.almasb.fxgl.ui.FXGLUIFactoryServiceProvider
12:43:48.021 [FXGL Background Thread 3 ] DEBUG Engine               - class com.almasb.fxgl.ui.FXGLDialogFactoryServiceProvider
12:43:48.021 [FXGL Background Thread 3 ] DEBUG Engine               - class com.almasb.fxgl.audio.AudioPlayer
12:43:48.021 [FXGL Background Thread 3 ] DEBUG Engine               - class com.almasb.fxgl.notification.impl.NotificationServiceProvider
12:43:48.021 [FXGL Background Thread 3 ] DEBUG Engine               - class com.almasb.fxgl.achievement.AchievementService
12:43:48.021 [FXGL Background Thread 3 ] DEBUG Engine               - class com.almasb.fxgl.cutscene.CutsceneService
12:43:48.021 [FXGL Background Thread 3 ] DEBUG Engine               - class com.almasb.fxgl.minigames.MiniGameService
12:43:48.021 [FXGL Background Thread 3 ] DEBUG Engine               - class com.almasb.fxgl.net.NetService
12:43:48.021 [FXGL Background Thread 3 ] DEBUG Engine               - class com.almasb.fxgl.app.services.UpdaterService
12:43:48.021 [FXGL Background Thread 3 ] DEBUG Engine               - class com.almasb.fxgl.dev.DevService
12:44:06.729 [JavaFX Application Thread] DEBUG FXGLApplication      - Exiting FXGL
12:44:06.729 [JavaFX Application Thread] DEBUG Async                - Shutting down background threads
12:44:06.729 [JavaFX Application Thread] DEBUG PrimaryStageWindow   - Closing main window
12:44:06.778 [JavaFX Application Thread] DEBUG Logger               - Closing Logger
