22:57:43.838 [main                     ] DEBUG Logger               - Configured Logger
22:57:43.866 [main                     ] DEBUG GameApplication      - Logging settings
Title: Pizzería Simulación
Version: 0.0
Width: 1000
Height: 800
Fullscreen: false
Intro: false
Profiling: false
Single step:false
App Mode: DEVELOPER
Menu Key: ESCAPE
Stage Style: DECORATED
Scene Factory: class com.almasb.fxgl.app.scene.SceneFactory

22:57:44.548 [JavaFX Application Thread] DEBUG FXGLApplication      - Initializing FXGL
22:57:44.558 [JavaFX Application Thread] INFO  Engine               - FXGL-17.2 (20.08.2022 16.50) on WINDOWS (J:17.0.5 FX:18)
22:57:44.559 [JavaFX Application Thread] DEBUG Engine               - JRE Vendor Name: Oracle Corporation
22:57:44.559 [JavaFX Application Thread] DEBUG Engine               - Running on OS: Windows 11 version 10.0
22:57:44.560 [JavaFX Application Thread] DEBUG Engine               - Architecture: amd64
22:57:44.560 [JavaFX Application Thread] INFO  Engine               - Source code and latest versions at: https://github.com/AlmasB/FXGL
22:57:44.560 [JavaFX Application Thread] INFO  Engine               -       Ask questions and discuss at: https://github.com/AlmasB/FXGL/discussions
22:57:44.560 [JavaFX Application Thread] INFO  Engine               -              Join the FXGL chat at: https://gitter.im/AlmasB/FXGL
22:57:44.745 [JavaFX Application Thread] DEBUG PrimaryStageWindow   - Creating a JavaFX scene
22:57:44.837 [JavaFX Application Thread] DEBUG PrimaryStageWindow   - Target settings size: 1000.0 x 800.0
22:57:44.837 [JavaFX Application Thread] DEBUG PrimaryStageWindow   - Scaled scene size:    1000.0 x 800.0
22:57:44.838 [JavaFX Application Thread] DEBUG PrimaryStageWindow   - Scaled ratio: (1.0, 1.0)
22:57:44.840 [JavaFX Application Thread] DEBUG PrimaryStageWindow   - Set initial scene to FXGLStartupScene
22:57:44.858 [JavaFX Application Thread] DEBUG PrimaryStageWindow   - Opening main window
22:57:45.008 [JavaFX Application Thread] DEBUG PrimaryStageWindow   - Window border size: (14.4000244140625, 37.5999755859375)
22:57:45.009 [JavaFX Application Thread] DEBUG PrimaryStageWindow   - Scaled size: 1000.0 x 800.0
22:57:45.009 [JavaFX Application Thread] DEBUG PrimaryStageWindow   - Scaled ratio: (1.0, 1.0)
22:57:45.010 [JavaFX Application Thread] DEBUG PrimaryStageWindow   - Scene size: 1000.0 x 800.0
22:57:45.011 [JavaFX Application Thread] DEBUG PrimaryStageWindow   - Stage size: 1014.4000244140625 x 837.5999755859375
22:57:45.023 [FXGL Background Thread 1 ] DEBUG Engine               - Initializing environment variables
22:57:45.075 [FXGL Background Thread 1 ] DEBUG FXGLAssetLoaderServi - User app class for loading assets: class org.example.game.GameScene
22:57:45.076 [FXGL Background Thread 1 ] DEBUG GameApplicationServi - Applying CSS: fxgl_dark.css
22:57:45.080 [FXGL Background Thread 1 ] DEBUG FXGLAssetLoaderServi - Loading from file system: jar:file:/C:/Users/alber/.m2/repository/com/github/almasb/fxgl/17.2/fxgl-17.2.jar!/fxglassets/ui/css/fxgl_dark.css
22:57:45.159 [FXGL Background Thread 1 ] DEBUG GameApplicationServi - Initializing application scenes
22:57:45.227 [FXGL Background Thread 1 ] DEBUG GameWorld            - Game world initialized
22:57:45.315 [FXGL Background Thread 1 ] DEBUG PhysicsWorld         - Physics world initialized: appHeight=800, physics.ppm=50.0
22:57:45.316 [FXGL Background Thread 1 ] DEBUG PhysicsWorld         - Using strategy: BRUTE_FORCE
22:57:45.322 [FXGL Background Thread 1 ] DEBUG GameScene            - Game scene initialized: 1000x800
22:57:45.357 [FXGL Background Thread 1 ] DEBUG FXGL.DefaultMenu     - createMenuBodyGameMenu()
22:57:45.409 [FXGL Background Thread 1 ] DEBUG FXGL.DefaultMenu     - createOptionsMenu()
22:57:45.449 [FXGL Background Thread 1 ] DEBUG FXGLAssetLoaderServi - Loading from file system: jar:file:/C:/Users/alber/.m2/repository/com/github/almasb/fxgl/17.2/fxgl-17.2.jar!/fxglassets/textures/particles/smoke.png
22:57:45.630 [FXGL Background Thread 1 ] DEBUG FXGLAssetLoaderServi - Loading from file system: jar:file:/C:/Users/alber/.m2/repository/com/github/almasb/fxgl/17.2/fxgl-17.2.jar!/fxglassets/textures/particles/trace_horizontal.png
22:57:45.675 [FXGL Background Thread 1 ] DEBUG GameApplicationServi - Application scenes initialized
22:57:45.707 [FXGL Background Thread 1 ] DEBUG SystemBundleService  - Loading FXGL system data
22:57:45.711 [FXGL Background Thread 1 ] DEBUG FileSystemAccess     - Reading from: C:\Users\alber\IdeaProjects\Simulador_Restaurant\system\fxgl.bundle
22:57:45.716 [FXGL Background Thread 1 ] DEBUG SystemBundleService  - Bundle FXGL: {}
22:57:45.717 [FXGL Background Thread 1 ] DEBUG UpdaterService       - Checking for updates
22:57:45.729 [FXGL Background Thread 4 ] DEBUG FXGLApplication      - Loading fonts
22:57:45.730 [FXGL Background Thread 4 ] DEBUG FXGLAssetLoaderServi - Loading from file system: jar:file:/C:/Users/alber/.m2/repository/com/github/almasb/fxgl/17.2/fxgl-17.2.jar!/fxglassets/ui/fonts/VarelaRound-Regular.ttf
22:57:45.732 [FXGL Background Thread 1 ] DEBUG FXGLApplication      - Loading default localization
22:57:45.736 [FXGL Background Thread 1 ] DEBUG FXGLAssetLoaderServi - Loading from file system: jar:file:/C:/Users/alber/.m2/repository/com/github/almasb/fxgl/17.2/fxgl-17.2.jar!/fxglassets/languages/english.lang
22:57:45.754 [FXGL Background Thread 4 ] DEBUG FXGLAssetLoaderServi - Loading from file system: jar:file:/C:/Users/alber/.m2/repository/com/github/almasb/fxgl/17.2/fxgl-17.2.jar!/fxglassets/ui/fonts/Abel-Regular.ttf
22:57:45.764 [FXGL Background Thread 4 ] DEBUG FXGLAssetLoaderServi - Loading from file system: jar:file:/C:/Users/alber/.m2/repository/com/github/almasb/fxgl/17.2/fxgl-17.2.jar!/fxglassets/ui/fonts/TerminalLandMono-Regular.otf
22:57:45.773 [FXGL Background Thread 4 ] DEBUG FXGLAssetLoaderServi - Loading from file system: jar:file:/C:/Users/alber/.m2/repository/com/github/almasb/fxgl/17.2/fxgl-17.2.jar!/fxglassets/ui/fonts/Courier-Prime.ttf
22:57:45.793 [JavaFX Application Thread] DEBUG FXGLApplication      - Registering font factories with UI factory
22:57:45.825 [FXGL Background Thread 1 ] INFO  FXGLApplication      - FXGL initialization took: 0.801 sec
22:57:45.830 [JavaFX Application Thread] DEBUG FXGLAssetLoaderServi - Loading from file system: jar:file:/C:/Users/alber/.m2/repository/com/github/almasb/fxgl/17.2/fxgl-17.2.jar!/fxglassets/textures/fxgl_icon.png
22:57:45.887 [JavaFX Application Thread] DEBUG FXGLAssetLoaderServi - Loading from file system: jar:file:/C:/Users/alber/.m2/repository/com/github/almasb/fxgl/17.2/fxgl-17.2.jar!/fxglassets/textures/fxgl_default_cursor.png
22:57:45.995 [JavaFX Application Thread] DEBUG Input                - Registered new binding: Screenshot - CTRL+8
22:57:45.997 [JavaFX Application Thread] DEBUG Input                - Registered new binding: System info dump - CTRL+9
22:57:45.999 [JavaFX Application Thread] DEBUG Input                - Registered new binding: Restart - CTRL+R
22:57:46.001 [JavaFX Application Thread] DEBUG Input                - Registered new binding: Toggle Debug Camera - CTRL+7
22:57:46.006 [JavaFX Application Thread] DEBUG LoopRunner           - Starting loop
22:57:46.006 [JavaFX Application Thread] DEBUG LoopRunner           - Initializing JavaFX AnimationTimerLoop
22:57:46.009 [JavaFX Application Thread] DEBUG GameApplicationServi - Starting new game
22:57:46.010 [JavaFX Application Thread] DEBUG Input                - Clearing active input actions
22:57:46.046 [JavaFX Application Thread] DEBUG GameApplicationServi - Removing overlay from FXGLStartupScene and adding to FXGLLoadingScene
22:57:46.048 [JavaFX Application Thread] DEBUG PrimaryStageWindow   - FXGLStartupScene -> FXGLLoadingScene
22:57:46.048 [JavaFX Application Thread] DEBUG GameApplicationServi - Clearing previous game
22:57:46.048 [JavaFX Application Thread] DEBUG GameScene            - Clearing game scene
22:57:46.048 [JavaFX Application Thread] DEBUG GameWorld            - Clearing game world
22:57:46.048 [JavaFX Application Thread] DEBUG PhysicsWorld         - Clearing physics world
22:57:46.055 [FXGL Background Thread 1 ] DEBUG FXGLApplication      - Initializing game
22:57:46.226 [FXGL Background Thread 1 ] DEBUG FXGLAssetLoaderServi - Loading from file system: file:/C:/Users/alber/IdeaProjects/Simulador_Restaurant/target/classes/assets/textures/mesero.png
22:57:46.257 [FXGL Background Thread 1 ] INFO  FXGLApplication      - Game initialization took: 0.202 sec
22:57:46.294 [JavaFX Application Thread] DEBUG Input                - Clearing active input actions
22:57:46.315 [JavaFX Application Thread] DEBUG GameApplicationServi - Removing overlay from FXGLLoadingScene and adding to GameScene
22:57:46.317 [JavaFX Application Thread] DEBUG PrimaryStageWindow   - FXGLLoadingScene -> GameScene
22:57:46.589 [FXGL Background Thread 2 ] INFO  UpdaterService       - Your current version:  17.2
22:57:46.590 [FXGL Background Thread 2 ] INFO  UpdaterService       - Latest stable version: 21.1
22:57:47.463 [JavaFX Application Thread] DEBUG FXGLApplication      - Exiting FXGL
22:57:47.463 [JavaFX Application Thread] DEBUG LoopRunner           - Stopping loop
22:57:47.463 [JavaFX Application Thread] DEBUG SystemBundleService  - Saving FXGL system data
22:57:47.466 [JavaFX Application Thread] DEBUG FileSystemAccess     - Writing to: C:\Users\alber\IdeaProjects\Simulador_Restaurant\system\fxgl.bundle
22:57:47.466 [JavaFX Application Thread] DEBUG Async                - Shutting down background threads
22:57:47.467 [JavaFX Application Thread] DEBUG PrimaryStageWindow   - Closing main window
22:57:47.495 [JavaFX Application Thread] DEBUG Logger               - Closing Logger
