22:57:13.648 [main                     ] DEBUG Logger               - Configured Logger
22:57:13.676 [main                     ] DEBUG GameApplication      - Logging settings
Title: Pizzería Simulación
Version: 0.0
Width: 1000
Height: 800
Fullscreen: false
Intro: false
Profiling: false
Single step:false
App Mode: DEVELOPER
Menu Key: ESCAPE
Stage Style: DECORATED
Scene Factory: class com.almasb.fxgl.app.scene.SceneFactory

22:57:14.354 [JavaFX Application Thread] DEBUG FXGLApplication      - Initializing FXGL
22:57:14.366 [JavaFX Application Thread] INFO  Engine               - FXGL-17.2 (20.08.2022 16.50) on WINDOWS (J:17.0.5 FX:18)
22:57:14.367 [JavaFX Application Thread] DEBUG Engine               - JRE Vendor Name: Oracle Corporation
22:57:14.367 [JavaFX Application Thread] DEBUG Engine               - Running on OS: Windows 11 version 10.0
22:57:14.368 [JavaFX Application Thread] DEBUG Engine               - Architecture: amd64
22:57:14.368 [JavaFX Application Thread] INFO  Engine               - Source code and latest versions at: https://github.com/AlmasB/FXGL
22:57:14.368 [JavaFX Application Thread] INFO  Engine               -       Ask questions and discuss at: https://github.com/AlmasB/FXGL/discussions
22:57:14.368 [JavaFX Application Thread] INFO  Engine               -              Join the FXGL chat at: https://gitter.im/AlmasB/FXGL
22:57:14.557 [JavaFX Application Thread] DEBUG PrimaryStageWindow   - Creating a JavaFX scene
22:57:14.629 [JavaFX Application Thread] DEBUG PrimaryStageWindow   - Target settings size: 1000.0 x 800.0
22:57:14.630 [JavaFX Application Thread] DEBUG PrimaryStageWindow   - Scaled scene size:    1000.0 x 800.0
22:57:14.630 [JavaFX Application Thread] DEBUG PrimaryStageWindow   - Scaled ratio: (1.0, 1.0)
22:57:14.632 [JavaFX Application Thread] DEBUG PrimaryStageWindow   - Set initial scene to FXGLStartupScene
22:57:14.648 [JavaFX Application Thread] DEBUG PrimaryStageWindow   - Opening main window
22:57:14.797 [JavaFX Application Thread] DEBUG PrimaryStageWindow   - Window border size: (14.4000244140625, 37.5999755859375)
22:57:14.798 [JavaFX Application Thread] DEBUG PrimaryStageWindow   - Scaled size: 1000.0 x 800.0
22:57:14.799 [JavaFX Application Thread] DEBUG PrimaryStageWindow   - Scaled ratio: (1.0, 1.0)
22:57:14.799 [JavaFX Application Thread] DEBUG PrimaryStageWindow   - Scene size: 1000.0 x 800.0
22:57:14.800 [JavaFX Application Thread] DEBUG PrimaryStageWindow   - Stage size: 1014.4000244140625 x 837.5999755859375
22:57:14.812 [FXGL Background Thread 1 ] DEBUG Engine               - Initializing environment variables
22:57:14.853 [FXGL Background Thread 1 ] DEBUG FXGLAssetLoaderServi - User app class for loading assets: class org.example.game.GameScene
22:57:14.853 [FXGL Background Thread 1 ] DEBUG GameApplicationServi - Applying CSS: fxgl_dark.css
22:57:14.855 [FXGL Background Thread 1 ] DEBUG FXGLAssetLoaderServi - Loading from file system: jar:file:/C:/Users/alber/.m2/repository/com/github/almasb/fxgl/17.2/fxgl-17.2.jar!/fxglassets/ui/css/fxgl_dark.css
22:57:14.928 [FXGL Background Thread 1 ] DEBUG GameApplicationServi - Initializing application scenes
22:57:14.999 [FXGL Background Thread 1 ] DEBUG GameWorld            - Game world initialized
22:57:15.084 [FXGL Background Thread 1 ] DEBUG PhysicsWorld         - Physics world initialized: appHeight=800, physics.ppm=50.0
22:57:15.085 [FXGL Background Thread 1 ] DEBUG PhysicsWorld         - Using strategy: BRUTE_FORCE
22:57:15.092 [FXGL Background Thread 1 ] DEBUG GameScene            - Game scene initialized: 1000x800
22:57:15.122 [FXGL Background Thread 1 ] DEBUG FXGL.DefaultMenu     - createMenuBodyGameMenu()
22:57:15.147 [FXGL Background Thread 1 ] DEBUG FXGL.DefaultMenu     - createOptionsMenu()
22:57:15.167 [FXGL Background Thread 1 ] DEBUG FXGLAssetLoaderServi - Loading from file system: jar:file:/C:/Users/alber/.m2/repository/com/github/almasb/fxgl/17.2/fxgl-17.2.jar!/fxglassets/textures/particles/smoke.png
22:57:15.305 [FXGL Background Thread 1 ] DEBUG FXGLAssetLoaderServi - Loading from file system: jar:file:/C:/Users/alber/.m2/repository/com/github/almasb/fxgl/17.2/fxgl-17.2.jar!/fxglassets/textures/particles/trace_horizontal.png
22:57:15.348 [FXGL Background Thread 1 ] DEBUG GameApplicationServi - Application scenes initialized
22:57:15.374 [FXGL Background Thread 1 ] DEBUG SystemBundleService  - Loading FXGL system data
22:57:15.377 [FXGL Background Thread 1 ] DEBUG FileSystemAccess     - Reading from: C:\Users\alber\IdeaProjects\Simulador_Restaurant\system\fxgl.bundle
22:57:15.383 [FXGL Background Thread 1 ] DEBUG SystemBundleService  - Bundle FXGL: {}
22:57:15.383 [FXGL Background Thread 1 ] DEBUG UpdaterService       - Checking for updates
22:57:15.390 [FXGL Background Thread 4 ] DEBUG FXGLApplication      - Loading fonts
22:57:15.391 [FXGL Background Thread 4 ] DEBUG FXGLAssetLoaderServi - Loading from file system: jar:file:/C:/Users/alber/.m2/repository/com/github/almasb/fxgl/17.2/fxgl-17.2.jar!/fxglassets/ui/fonts/VarelaRound-Regular.ttf
22:57:15.392 [FXGL Background Thread 1 ] DEBUG FXGLApplication      - Loading default localization
22:57:15.395 [FXGL Background Thread 1 ] DEBUG FXGLAssetLoaderServi - Loading from file system: jar:file:/C:/Users/alber/.m2/repository/com/github/almasb/fxgl/17.2/fxgl-17.2.jar!/fxglassets/languages/english.lang
22:57:15.431 [FXGL Background Thread 1 ] INFO  FXGLApplication      - FXGL initialization took: 0.618 sec
22:57:15.434 [JavaFX Application Thread] DEBUG FXGLAssetLoaderServi - Loading from file system: jar:file:/C:/Users/alber/.m2/repository/com/github/almasb/fxgl/17.2/fxgl-17.2.jar!/fxglassets/textures/fxgl_icon.png
22:57:15.435 [FXGL Background Thread 4 ] DEBUG FXGLAssetLoaderServi - Loading from file system: jar:file:/C:/Users/alber/.m2/repository/com/github/almasb/fxgl/17.2/fxgl-17.2.jar!/fxglassets/ui/fonts/Abel-Regular.ttf
22:57:15.443 [FXGL Background Thread 4 ] DEBUG FXGLAssetLoaderServi - Loading from file system: jar:file:/C:/Users/alber/.m2/repository/com/github/almasb/fxgl/17.2/fxgl-17.2.jar!/fxglassets/ui/fonts/TerminalLandMono-Regular.otf
22:57:15.452 [FXGL Background Thread 4 ] DEBUG FXGLAssetLoaderServi - Loading from file system: jar:file:/C:/Users/alber/.m2/repository/com/github/almasb/fxgl/17.2/fxgl-17.2.jar!/fxglassets/ui/fonts/Courier-Prime.ttf
22:57:15.482 [JavaFX Application Thread] DEBUG FXGLAssetLoaderServi - Loading from file system: jar:file:/C:/Users/alber/.m2/repository/com/github/almasb/fxgl/17.2/fxgl-17.2.jar!/fxglassets/textures/fxgl_default_cursor.png
22:57:15.515 [JavaFX Application Thread] DEBUG Input                - Registered new binding: Screenshot - CTRL+8
22:57:15.517 [JavaFX Application Thread] DEBUG Input                - Registered new binding: System info dump - CTRL+9
22:57:15.518 [JavaFX Application Thread] DEBUG Input                - Registered new binding: Restart - CTRL+R
22:57:15.521 [JavaFX Application Thread] DEBUG Input                - Registered new binding: Toggle Debug Camera - CTRL+7
22:57:15.527 [JavaFX Application Thread] DEBUG LoopRunner           - Starting loop
22:57:15.527 [JavaFX Application Thread] DEBUG LoopRunner           - Initializing JavaFX AnimationTimerLoop
22:57:15.531 [JavaFX Application Thread] DEBUG GameApplicationServi - Starting new game
22:57:15.532 [JavaFX Application Thread] DEBUG Input                - Clearing active input actions
22:57:15.555 [JavaFX Application Thread] DEBUG GameApplicationServi - Removing overlay from FXGLStartupScene and adding to FXGLLoadingScene
22:57:15.557 [JavaFX Application Thread] DEBUG PrimaryStageWindow   - FXGLStartupScene -> FXGLLoadingScene
22:57:15.558 [JavaFX Application Thread] DEBUG GameApplicationServi - Clearing previous game
22:57:15.558 [JavaFX Application Thread] DEBUG GameScene            - Clearing game scene
22:57:15.558 [JavaFX Application Thread] DEBUG GameWorld            - Clearing game world
22:57:15.559 [JavaFX Application Thread] DEBUG PhysicsWorld         - Clearing physics world
22:57:15.571 [FXGL Background Thread 4 ] DEBUG FXGLApplication      - Initializing game
22:57:15.725 [FXGL Background Thread 4 ] DEBUG FXGLAssetLoaderServi - Loading from file system: file:/C:/Users/alber/IdeaProjects/Simulador_Restaurant/target/classes/assets/textures/mesero.png
22:57:15.754 [FXGL Background Thread 4 ] INFO  FXGLApplication      - Game initialization took: 0.183 sec
22:57:15.794 [JavaFX Application Thread] DEBUG Input                - Clearing active input actions
22:57:15.816 [JavaFX Application Thread] DEBUG GameApplicationServi - Removing overlay from FXGLLoadingScene and adding to GameScene
22:57:15.817 [JavaFX Application Thread] DEBUG PrimaryStageWindow   - FXGLLoadingScene -> GameScene
22:57:16.122 [FXGL Background Thread 2 ] INFO  UpdaterService       - Your current version:  17.2
22:57:16.122 [FXGL Background Thread 2 ] INFO  UpdaterService       - Latest stable version: 21.1
22:57:18.388 [FXGL Background Thread 3 ] DEBUG Engine               - Logging environment variables
22:57:18.388 [FXGL Background Thread 3 ] DEBUG Engine               - achievements: []
22:57:18.388 [FXGL Background Thread 3 ] DEBUG Engine               - actualHeight: 800.0
22:57:18.389 [FXGL Background Thread 3 ] DEBUG Engine               - actualHeightProperty: ReadOnlyDoubleProperty [value: 800.0]
22:57:18.389 [FXGL Background Thread 3 ] DEBUG Engine               - actualWidth: 1000.0
22:57:18.389 [FXGL Background Thread 3 ] DEBUG Engine               - actualWidthProperty: ReadOnlyDoubleProperty [value: 1000.0]
22:57:18.389 [FXGL Background Thread 3 ] DEBUG Engine               - appIcon: fxgl_icon.png
22:57:18.389 [FXGL Background Thread 3 ] DEBUG Engine               - applicationMode: DEVELOPER
22:57:18.389 [FXGL Background Thread 3 ] DEBUG Engine               - cSSList: [fxgl_dark.css]
22:57:18.389 [FXGL Background Thread 3 ] DEBUG Engine               - collisionDetectionStrategy: BRUTE_FORCE
22:57:18.389 [FXGL Background Thread 3 ] DEBUG Engine               - configClass: Optional.empty
22:57:18.389 [FXGL Background Thread 3 ] DEBUG Engine               - credits: []
22:57:18.390 [FXGL Background Thread 3 ] DEBUG Engine               - defaultCursor: CursorInfo(imageName=fxgl_default_cursor.png, hotspotX=7.0, hotspotY=6.0)
22:57:18.390 [FXGL Background Thread 3 ] DEBUG Engine               - devBBoxColorProperty: ObjectProperty [value: 0xff0000ff]
22:57:18.390 [FXGL Background Thread 3 ] DEBUG Engine               - devEnableDebugCameraProperty: BooleanProperty [value: false]
22:57:18.390 [FXGL Background Thread 3 ] DEBUG Engine               - devSensorColorProperty: ObjectProperty [value: 0xffff00ff]
22:57:18.390 [FXGL Background Thread 3 ] DEBUG Engine               - devShowBBoxProperty: BooleanProperty [value: false]
22:57:18.390 [FXGL Background Thread 3 ] DEBUG Engine               - devShowPositionProperty: BooleanProperty [value: false]
22:57:18.390 [FXGL Background Thread 3 ] DEBUG Engine               - enabledMenuItems: []
22:57:18.390 [FXGL Background Thread 3 ] DEBUG Engine               - engineServices: [class com.almasb.fxgl.app.services.FXGLAssetLoaderService, class com.almasb.fxgl.app.FXGLApplication$GameApplicationService, class com.almasb.fxgl.app.services.FXGLDialogService, class com.almasb.fxgl.app.services.IOTaskExecutorService, class com.almasb.fxgl.io.FileSystemService, class com.almasb.fxgl.localization.LocalizationService, class com.almasb.fxgl.app.services.SystemBundleService, class com.almasb.fxgl.profile.SaveLoadService, class com.almasb.fxgl.ui.FXGLUIFactoryServiceProvider, class com.almasb.fxgl.ui.FXGLDialogFactoryServiceProvider, class com.almasb.fxgl.audio.AudioPlayer, class com.almasb.fxgl.notification.impl.NotificationServiceProvider, class com.almasb.fxgl.achievement.AchievementService, class com.almasb.fxgl.cutscene.CutsceneService, class com.almasb.fxgl.minigames.MiniGameService, class com.almasb.fxgl.net.NetService, class com.almasb.fxgl.app.services.UpdaterService, class com.almasb.fxgl.dev.DevService]
22:57:18.390 [FXGL Background Thread 3 ] DEBUG Engine               - fontGame: Abel-Regular.ttf
22:57:18.390 [FXGL Background Thread 3 ] DEBUG Engine               - fontMono: TerminalLandMono-Regular.otf
22:57:18.390 [FXGL Background Thread 3 ] DEBUG Engine               - fontText: Courier-Prime.ttf
22:57:18.390 [FXGL Background Thread 3 ] DEBUG Engine               - fontUI: VarelaRound-Regular.ttf
22:57:18.390 [FXGL Background Thread 3 ] DEBUG Engine               - fullScreen: BooleanProperty [value: false]
22:57:18.390 [FXGL Background Thread 3 ] DEBUG Engine               - gameDifficulty: MEDIUM
22:57:18.391 [FXGL Background Thread 3 ] DEBUG Engine               - gameDifficultyProperty: ObjectProperty [value: MEDIUM]
22:57:18.391 [FXGL Background Thread 3 ] DEBUG Engine               - globalMusicVolume: 0.5
22:57:18.391 [FXGL Background Thread 3 ] DEBUG Engine               - globalMusicVolumeProperty: DoubleProperty [value: 0.5]
22:57:18.391 [FXGL Background Thread 3 ] DEBUG Engine               - globalSoundVolume: 0.5
22:57:18.391 [FXGL Background Thread 3 ] DEBUG Engine               - globalSoundVolumeProperty: DoubleProperty [value: 0.5]
22:57:18.391 [FXGL Background Thread 3 ] DEBUG Engine               - height: 800
22:57:18.391 [FXGL Background Thread 3 ] DEBUG Engine               - is3D: false
22:57:18.391 [FXGL Background Thread 3 ] DEBUG Engine               - isAndroid: false
22:57:18.391 [FXGL Background Thread 3 ] DEBUG Engine               - isBrowser: false
22:57:18.391 [FXGL Background Thread 3 ] DEBUG Engine               - isClickFeedbackEnabled: false
22:57:18.391 [FXGL Background Thread 3 ] DEBUG Engine               - isCloseConfirmation: false
22:57:18.391 [FXGL Background Thread 3 ] DEBUG Engine               - isDesktop: true
22:57:18.392 [FXGL Background Thread 3 ] DEBUG Engine               - isDeveloperMenuEnabled: false
22:57:18.392 [FXGL Background Thread 3 ] DEBUG Engine               - isEmbedded: false
22:57:18.392 [FXGL Background Thread 3 ] DEBUG Engine               - isEntityPreloadEnabled: true
22:57:18.392 [FXGL Background Thread 3 ] DEBUG Engine               - isExperimentalTiledLargeMap: false
22:57:18.392 [FXGL Background Thread 3 ] DEBUG Engine               - isFileSystemWriteAllowed: true
22:57:18.392 [FXGL Background Thread 3 ] DEBUG Engine               - isFullScreenAllowed: false
22:57:18.392 [FXGL Background Thread 3 ] DEBUG Engine               - isFullScreenFromStart: false
22:57:18.392 [FXGL Background Thread 3 ] DEBUG Engine               - isGameMenuEnabled: true
22:57:18.392 [FXGL Background Thread 3 ] DEBUG Engine               - isIOS: false
22:57:18.392 [FXGL Background Thread 3 ] DEBUG Engine               - isIntroEnabled: false
22:57:18.392 [FXGL Background Thread 3 ] DEBUG Engine               - isLinux: false
22:57:18.392 [FXGL Background Thread 3 ] DEBUG Engine               - isMac: false
22:57:18.392 [FXGL Background Thread 3 ] DEBUG Engine               - isMainMenuEnabled: false
22:57:18.392 [FXGL Background Thread 3 ] DEBUG Engine               - isManualResizeEnabled: false
22:57:18.392 [FXGL Background Thread 3 ] DEBUG Engine               - isMobile: false
22:57:18.392 [FXGL Background Thread 3 ] DEBUG Engine               - isNative: false
22:57:18.392 [FXGL Background Thread 3 ] DEBUG Engine               - isPauseMusicWhenMinimized: true
22:57:18.392 [FXGL Background Thread 3 ] DEBUG Engine               - isPreserveResizeRatio: false
22:57:18.393 [FXGL Background Thread 3 ] DEBUG Engine               - isProfilingEnabled: false
22:57:18.393 [FXGL Background Thread 3 ] DEBUG Engine               - isScaleAffectedOnResize: true
22:57:18.393 [FXGL Background Thread 3 ] DEBUG Engine               - isSingleStep: false
22:57:18.393 [FXGL Background Thread 3 ] DEBUG Engine               - isUserProfileEnabled: false
22:57:18.393 [FXGL Background Thread 3 ] DEBUG Engine               - isWindows: true
22:57:18.393 [FXGL Background Thread 3 ] DEBUG Engine               - language: ObjectProperty [value: ENGLISH]
22:57:18.393 [FXGL Background Thread 3 ] DEBUG Engine               - menuKey: ESCAPE
22:57:18.393 [FXGL Background Thread 3 ] DEBUG Engine               - mouseSensitivity: 0.2
22:57:18.393 [FXGL Background Thread 3 ] DEBUG Engine               - notificationViewClass: class com.almasb.fxgl.notification.view.XboxNotificationView
22:57:18.393 [FXGL Background Thread 3 ] DEBUG Engine               - pixelsPerMeter: 50.0
22:57:18.393 [FXGL Background Thread 3 ] DEBUG Engine               - platform: WINDOWS
22:57:18.393 [FXGL Background Thread 3 ] DEBUG Engine               - prefHeightProperty: ReadOnlyDoubleProperty [value: 800.0]
22:57:18.393 [FXGL Background Thread 3 ] DEBUG Engine               - prefWidthProperty: ReadOnlyDoubleProperty [value: 1000.0]
22:57:18.393 [FXGL Background Thread 3 ] DEBUG Engine               - profileDir: profiles/
22:57:18.393 [FXGL Background Thread 3 ] DEBUG Engine               - profileName: StringProperty [value: DEFAULT]
22:57:18.394 [FXGL Background Thread 3 ] DEBUG Engine               - randomSeed: -1
22:57:18.394 [FXGL Background Thread 3 ] DEBUG Engine               - runtimeInfo: RuntimeInfo(platform=WINDOWS, version=17.2, build=20.08.2022 16.50)
22:57:18.394 [FXGL Background Thread 3 ] DEBUG Engine               - saveFileExt: sav
22:57:18.394 [FXGL Background Thread 3 ] DEBUG Engine               - scaledHeightProp$fxgl: DoubleProperty [bound, value: 800.0]
22:57:18.395 [FXGL Background Thread 3 ] DEBUG Engine               - scaledWidthProp$fxgl: DoubleProperty [bound, value: 1000.0]
22:57:18.395 [FXGL Background Thread 3 ] DEBUG Engine               - sceneFactory: com.almasb.fxgl.app.scene.SceneFactory@72129c01
22:57:18.395 [FXGL Background Thread 3 ] DEBUG Engine               - secondsIn24h: 60
22:57:18.395 [FXGL Background Thread 3 ] DEBUG Engine               - soundMenuBack: menu/back.wav
22:57:18.395 [FXGL Background Thread 3 ] DEBUG Engine               - soundMenuPress: menu/press.wav
22:57:18.395 [FXGL Background Thread 3 ] DEBUG Engine               - soundMenuSelect: menu/select.wav
22:57:18.395 [FXGL Background Thread 3 ] DEBUG Engine               - soundNotification: core/notification.wav
22:57:18.395 [FXGL Background Thread 3 ] DEBUG Engine               - stageStyle: DECORATED
22:57:18.395 [FXGL Background Thread 3 ] DEBUG Engine               - supportedLanguages: [ENGLISH, FRENCH, GERMAN, HUNGARIAN, RUSSIAN]
22:57:18.395 [FXGL Background Thread 3 ] DEBUG Engine               - ticksPerSecond: -1
22:57:18.395 [FXGL Background Thread 3 ] DEBUG Engine               - title: Pizzería Simulación
22:57:18.395 [FXGL Background Thread 3 ] DEBUG Engine               - urlGithub: https://github.com/AlmasB/FXGL
22:57:18.395 [FXGL Background Thread 3 ] DEBUG Engine               - urlLeaderboard: http://fxgl-top.herokuapp.com/
22:57:18.395 [FXGL Background Thread 3 ] DEBUG Engine               - urlPOM: https://raw.githubusercontent.com/AlmasB/FXGL/release/README.md
22:57:18.395 [FXGL Background Thread 3 ] DEBUG Engine               - userAppClass: class org.example.game.GameScene
22:57:18.396 [FXGL Background Thread 3 ] DEBUG Engine               - version: 0.0
22:57:18.396 [FXGL Background Thread 3 ] DEBUG Engine               - versionCheckDays: 7
22:57:18.396 [FXGL Background Thread 3 ] DEBUG Engine               - width: 1000
22:57:18.396 [FXGL Background Thread 3 ] DEBUG Engine               - Logging services
22:57:18.396 [FXGL Background Thread 3 ] DEBUG Engine               - class com.almasb.fxgl.app.services.FXGLAssetLoaderService
22:57:18.396 [FXGL Background Thread 3 ] DEBUG Engine               - class com.almasb.fxgl.app.FXGLApplication$GameApplicationService
22:57:18.396 [FXGL Background Thread 3 ] DEBUG Engine               - class com.almasb.fxgl.app.services.FXGLDialogService
22:57:18.396 [FXGL Background Thread 3 ] DEBUG Engine               - class com.almasb.fxgl.app.services.IOTaskExecutorService
22:57:18.396 [FXGL Background Thread 3 ] DEBUG Engine               - class com.almasb.fxgl.io.FileSystemService
22:57:18.396 [FXGL Background Thread 3 ] DEBUG Engine               - class com.almasb.fxgl.localization.LocalizationService
22:57:18.396 [FXGL Background Thread 3 ] DEBUG Engine               - class com.almasb.fxgl.app.services.SystemBundleService
22:57:18.396 [FXGL Background Thread 3 ] DEBUG Engine               - class com.almasb.fxgl.profile.SaveLoadService
22:57:18.396 [FXGL Background Thread 3 ] DEBUG Engine               - class com.almasb.fxgl.ui.FXGLUIFactoryServiceProvider
22:57:18.396 [FXGL Background Thread 3 ] DEBUG Engine               - class com.almasb.fxgl.ui.FXGLDialogFactoryServiceProvider
22:57:18.396 [FXGL Background Thread 3 ] DEBUG Engine               - class com.almasb.fxgl.audio.AudioPlayer
22:57:18.396 [FXGL Background Thread 3 ] DEBUG Engine               - class com.almasb.fxgl.notification.impl.NotificationServiceProvider
22:57:18.396 [FXGL Background Thread 3 ] DEBUG Engine               - class com.almasb.fxgl.achievement.AchievementService
22:57:18.396 [FXGL Background Thread 3 ] DEBUG Engine               - class com.almasb.fxgl.cutscene.CutsceneService
22:57:18.396 [FXGL Background Thread 3 ] DEBUG Engine               - class com.almasb.fxgl.minigames.MiniGameService
22:57:18.396 [FXGL Background Thread 3 ] DEBUG Engine               - class com.almasb.fxgl.net.NetService
22:57:18.396 [FXGL Background Thread 3 ] DEBUG Engine               - class com.almasb.fxgl.app.services.UpdaterService
22:57:18.396 [FXGL Background Thread 3 ] DEBUG Engine               - class com.almasb.fxgl.dev.DevService
22:57:35.040 [JavaFX Application Thread] DEBUG FXGLApplication      - Exiting FXGL
22:57:35.040 [JavaFX Application Thread] DEBUG LoopRunner           - Stopping loop
22:57:35.040 [JavaFX Application Thread] DEBUG SystemBundleService  - Saving FXGL system data
22:57:35.042 [JavaFX Application Thread] DEBUG FileSystemAccess     - Writing to: C:\Users\alber\IdeaProjects\Simulador_Restaurant\system\fxgl.bundle
22:57:35.042 [JavaFX Application Thread] DEBUG Async                - Shutting down background threads
22:57:35.043 [JavaFX Application Thread] DEBUG PrimaryStageWindow   - Closing main window
22:57:35.068 [JavaFX Application Thread] DEBUG Logger               - Closing Logger
