12:52:09.244 [main                     ] DEBUG Logger               - Configured Logger
12:52:09.263 [main                     ] DEBUG GameApplication      - Logging settings
Title: Pizzería Simulación
Version: 0.0
Width: 1000
Height: 800
Fullscreen: false
Intro: false
Profiling: false
Single step:false
App Mode: DEVELOPER
Menu Key: ESCAPE
Stage Style: DECORATED
Scene Factory: class com.almasb.fxgl.app.scene.SceneFactory

12:52:09.796 [JavaFX Application Thread] DEBUG FXGLApplication      - Initializing FXGL
12:52:09.800 [JavaFX Application Thread] INFO  Engine               - FXGL-17.2 (20.08.2022 16.50) on WINDOWS (J:17.0.5 FX:18)
12:52:09.800 [JavaFX Application Thread] DEBUG Engine               - JRE Vendor Name: Oracle Corporation
12:52:09.800 [JavaFX Application Thread] DEBUG Engine               - Running on OS: Windows 11 version 10.0
12:52:09.801 [JavaFX Application Thread] DEBUG Engine               - Architecture: amd64
12:52:09.801 [JavaFX Application Thread] INFO  Engine               - Source code and latest versions at: https://github.com/AlmasB/FXGL
12:52:09.801 [JavaFX Application Thread] INFO  Engine               -       Ask questions and discuss at: https://github.com/AlmasB/FXGL/discussions
12:52:09.801 [JavaFX Application Thread] INFO  Engine               -              Join the FXGL chat at: https://gitter.im/AlmasB/FXGL
12:52:09.969 [JavaFX Application Thread] DEBUG PrimaryStageWindow   - Creating a JavaFX scene
12:52:10.037 [JavaFX Application Thread] DEBUG PrimaryStageWindow   - Target settings size: 1000.0 x 800.0
12:52:10.037 [JavaFX Application Thread] DEBUG PrimaryStageWindow   - Scaled scene size:    1000.0 x 800.0
12:52:10.037 [JavaFX Application Thread] DEBUG PrimaryStageWindow   - Scaled ratio: (1.0, 1.0)
12:52:10.039 [JavaFX Application Thread] DEBUG PrimaryStageWindow   - Set initial scene to FXGLStartupScene
12:52:10.049 [JavaFX Application Thread] DEBUG PrimaryStageWindow   - Opening main window
12:52:10.176 [JavaFX Application Thread] DEBUG PrimaryStageWindow   - Window border size: (14.4000244140625, 37.5999755859375)
12:52:10.177 [JavaFX Application Thread] DEBUG PrimaryStageWindow   - Scaled size: 1000.0 x 800.0
12:52:10.178 [JavaFX Application Thread] DEBUG PrimaryStageWindow   - Scaled ratio: (1.0, 1.0)
12:52:10.181 [JavaFX Application Thread] DEBUG PrimaryStageWindow   - Scene size: 1000.0 x 800.0
12:52:10.183 [JavaFX Application Thread] DEBUG PrimaryStageWindow   - Stage size: 1014.4000244140625 x 837.5999755859375
12:52:10.197 [FXGL Background Thread 1 ] DEBUG Engine               - Initializing environment variables
12:52:10.259 [FXGL Background Thread 1 ] DEBUG FXGLAssetLoaderServi - User app class for loading assets: class org.example.game.GameScene
12:52:10.261 [FXGL Background Thread 1 ] DEBUG GameApplicationServi - Applying CSS: fxgl_dark.css
12:52:10.264 [FXGL Background Thread 1 ] DEBUG FXGLAssetLoaderServi - Loading from file system: jar:file:/C:/Users/adrib/.m2/repository/com/github/almasb/fxgl/17.2/fxgl-17.2.jar!/fxglassets/ui/css/fxgl_dark.css
12:52:10.372 [FXGL Background Thread 1 ] DEBUG GameApplicationServi - Initializing application scenes
12:52:10.470 [FXGL Background Thread 1 ] DEBUG GameWorld            - Game world initialized
12:52:10.535 [FXGL Background Thread 1 ] DEBUG PhysicsWorld         - Physics world initialized: appHeight=800, physics.ppm=50.0
12:52:10.535 [FXGL Background Thread 1 ] DEBUG PhysicsWorld         - Using strategy: BRUTE_FORCE
12:52:10.539 [FXGL Background Thread 1 ] DEBUG GameScene            - Game scene initialized: 1000x800
12:52:10.554 [FXGL Background Thread 1 ] DEBUG FXGL.DefaultMenu     - createMenuBodyGameMenu()
12:52:10.569 [FXGL Background Thread 1 ] DEBUG FXGL.DefaultMenu     - createOptionsMenu()
12:52:10.580 [FXGL Background Thread 1 ] DEBUG FXGLAssetLoaderServi - Loading from file system: jar:file:/C:/Users/adrib/.m2/repository/com/github/almasb/fxgl/17.2/fxgl-17.2.jar!/fxglassets/textures/particles/smoke.png
12:52:10.662 [FXGL Background Thread 1 ] DEBUG FXGLAssetLoaderServi - Loading from file system: jar:file:/C:/Users/adrib/.m2/repository/com/github/almasb/fxgl/17.2/fxgl-17.2.jar!/fxglassets/textures/particles/trace_horizontal.png
12:52:10.687 [FXGL Background Thread 1 ] DEBUG GameApplicationServi - Application scenes initialized
12:52:10.699 [FXGL Background Thread 1 ] DEBUG SystemBundleService  - Loading FXGL system data
12:52:10.700 [FXGL Background Thread 1 ] DEBUG FileSystemAccess     - Reading from: C:\Users\adrib\Documents\7to Cuatri\Programacion Concurrente\Corte 3\Proyecto_Simulador\system\fxgl.bundle
12:52:10.703 [FXGL Background Thread 1 ] DEBUG SystemBundleService  - Bundle FXGL: {}
12:52:10.704 [FXGL Background Thread 1 ] DEBUG UpdaterService       - Checking for updates
12:52:10.712 [FXGL Background Thread 4 ] DEBUG FXGLApplication      - Loading fonts
12:52:10.712 [FXGL Background Thread 4 ] DEBUG FXGLAssetLoaderServi - Loading from file system: jar:file:/C:/Users/adrib/.m2/repository/com/github/almasb/fxgl/17.2/fxgl-17.2.jar!/fxglassets/ui/fonts/VarelaRound-Regular.ttf
12:52:10.713 [FXGL Background Thread 1 ] DEBUG FXGLApplication      - Loading default localization
12:52:10.716 [FXGL Background Thread 1 ] DEBUG FXGLAssetLoaderServi - Loading from file system: jar:file:/C:/Users/adrib/.m2/repository/com/github/almasb/fxgl/17.2/fxgl-17.2.jar!/fxglassets/languages/english.lang
12:52:10.727 [FXGL Background Thread 4 ] DEBUG FXGLAssetLoaderServi - Loading from file system: jar:file:/C:/Users/adrib/.m2/repository/com/github/almasb/fxgl/17.2/fxgl-17.2.jar!/fxglassets/ui/fonts/Abel-Regular.ttf
12:52:10.729 [FXGL Background Thread 4 ] DEBUG FXGLAssetLoaderServi - Loading from file system: jar:file:/C:/Users/adrib/.m2/repository/com/github/almasb/fxgl/17.2/fxgl-17.2.jar!/fxglassets/ui/fonts/TerminalLandMono-Regular.otf
12:52:10.732 [FXGL Background Thread 4 ] DEBUG FXGLAssetLoaderServi - Loading from file system: jar:file:/C:/Users/adrib/.m2/repository/com/github/almasb/fxgl/17.2/fxgl-17.2.jar!/fxglassets/ui/fonts/Courier-Prime.ttf
12:52:10.741 [JavaFX Application Thread] DEBUG FXGLApplication      - Registering font factories with UI factory
12:52:10.791 [FXGL Background Thread 1 ] INFO  FXGLApplication      - FXGL initialization took: 0.594 sec
12:52:10.793 [JavaFX Application Thread] DEBUG FXGLAssetLoaderServi - Loading from file system: jar:file:/C:/Users/adrib/.m2/repository/com/github/almasb/fxgl/17.2/fxgl-17.2.jar!/fxglassets/textures/fxgl_icon.png
12:52:10.818 [JavaFX Application Thread] DEBUG FXGLAssetLoaderServi - Loading from file system: jar:file:/C:/Users/adrib/.m2/repository/com/github/almasb/fxgl/17.2/fxgl-17.2.jar!/fxglassets/textures/fxgl_default_cursor.png
12:52:10.836 [JavaFX Application Thread] DEBUG Input                - Registered new binding: Screenshot - CTRL+8
12:52:10.837 [JavaFX Application Thread] DEBUG Input                - Registered new binding: System info dump - CTRL+9
12:52:10.838 [JavaFX Application Thread] DEBUG Input                - Registered new binding: Restart - CTRL+R
12:52:10.839 [JavaFX Application Thread] DEBUG Input                - Registered new binding: Toggle Debug Camera - CTRL+7
12:52:10.845 [JavaFX Application Thread] DEBUG LoopRunner           - Starting loop
12:52:10.845 [JavaFX Application Thread] DEBUG LoopRunner           - Initializing JavaFX AnimationTimerLoop
12:52:10.850 [JavaFX Application Thread] DEBUG GameApplicationServi - Starting new game
12:52:10.851 [JavaFX Application Thread] DEBUG Input                - Clearing active input actions
12:52:10.874 [JavaFX Application Thread] DEBUG GameApplicationServi - Removing overlay from FXGLStartupScene and adding to FXGLLoadingScene
12:52:10.875 [JavaFX Application Thread] DEBUG PrimaryStageWindow   - FXGLStartupScene -> FXGLLoadingScene
12:52:10.875 [JavaFX Application Thread] DEBUG GameApplicationServi - Clearing previous game
12:52:10.875 [JavaFX Application Thread] DEBUG GameScene            - Clearing game scene
12:52:10.875 [JavaFX Application Thread] DEBUG GameWorld            - Clearing game world
12:52:10.875 [JavaFX Application Thread] DEBUG PhysicsWorld         - Clearing physics world
12:52:10.877 [FXGL Background Thread 1 ] DEBUG FXGLApplication      - Initializing game
12:52:10.993 [FXGL Background Thread 1 ] DEBUG FXGLAssetLoaderServi - Loading from file system: file:/C:/Users/adrib/Documents/7to%20Cuatri/Programacion%20Concurrente/Corte%203/Proyecto_Simulador/target/classes/assets/textures/mesero.png
12:52:11.016 [FXGL Background Thread 1 ] WARN  GameWorld            - Entity is already attached to world
12:52:11.017 [FXGL Background Thread 1 ] WARN  GameWorld            - Entity is already attached to world
12:52:11.018 [FXGL Background Thread 1 ] WARN  GameWorld            - Entity is already attached to world
12:52:11.020 [FXGL Background Thread 1 ] DEBUG FXGLAssetLoaderServi - Loading from file system: file:/C:/Users/adrib/Documents/7to%20Cuatri/Programacion%20Concurrente/Corte%203/Proyecto_Simulador/target/classes/assets/textures/mesa-vacia.png
12:52:11.026 [FXGL Background Thread 1 ] WARN  GameWorld            - Entity is already attached to world
12:52:11.027 [FXGL Background Thread 1 ] WARN  GameWorld            - Entity is already attached to world
12:52:11.028 [FXGL Background Thread 1 ] WARN  GameWorld            - Entity is already attached to world
12:52:11.028 [FXGL Background Thread 1 ] WARN  GameWorld            - Entity is already attached to world
12:52:11.029 [FXGL Background Thread 1 ] WARN  GameWorld            - Entity is already attached to world
12:52:11.029 [FXGL Background Thread 1 ] WARN  GameWorld            - Entity is already attached to world
12:52:11.029 [FXGL Background Thread 1 ] WARN  GameWorld            - Entity is already attached to world
12:52:11.030 [FXGL Background Thread 1 ] WARN  GameWorld            - Entity is already attached to world
12:52:11.032 [FXGL Background Thread 1 ] WARN  GameWorld            - Entity is already attached to world
12:52:11.034 [FXGL Background Thread 1 ] WARN  GameWorld            - Entity is already attached to world
12:52:11.035 [FXGL Background Thread 1 ] DEBUG FXGLAssetLoaderServi - Loading from file system: file:/C:/Users/adrib/Documents/7to%20Cuatri/Programacion%20Concurrente/Corte%203/Proyecto_Simulador/target/classes/assets/textures/cocinero.png
12:52:11.062 [FXGL Background Thread 1 ] WARN  GameWorld            - Entity is already attached to world
12:52:11.062 [FXGL Background Thread 1 ] WARN  GameWorld            - Entity is already attached to world
12:52:11.064 [FXGL Background Thread 1 ] DEBUG FXGLAssetLoaderServi - Loading from file system: file:/C:/Users/adrib/Documents/7to%20Cuatri/Programacion%20Concurrente/Corte%203/Proyecto_Simulador/target/classes/assets/textures/cliente.png
12:52:11.082 [FXGL Background Thread 1 ] WARN  GameWorld            - Entity is already attached to world
12:52:11.083 [FXGL Background Thread 1 ] WARN  GameWorld            - Entity is already attached to world
12:52:11.083 [FXGL Background Thread 1 ] WARN  GameWorld            - Entity is already attached to world
12:52:11.084 [FXGL Background Thread 1 ] WARN  GameWorld            - Entity is already attached to world
12:52:11.084 [FXGL Background Thread 1 ] WARN  GameWorld            - Entity is already attached to world
12:52:11.085 [FXGL Background Thread 1 ] DEBUG FXGLAssetLoaderServi - Loading from file system: file:/C:/Users/adrib/Documents/7to%20Cuatri/Programacion%20Concurrente/Corte%203/Proyecto_Simulador/target/classes/assets/textures/recepcionista.png
12:52:11.105 [FXGL Background Thread 1 ] WARN  GameWorld            - Entity is already attached to world
12:52:11.512 [FXGL Background Thread 2 ] INFO  UpdaterService       - Your current version:  17.2
12:52:11.513 [FXGL Background Thread 2 ] INFO  UpdaterService       - Latest stable version: 21.1
12:52:13.709 [FXGL Background Thread 3 ] DEBUG Engine               - Logging environment variables
12:52:13.710 [FXGL Background Thread 3 ] DEBUG Engine               - achievements: []
12:52:13.711 [FXGL Background Thread 3 ] DEBUG Engine               - actualHeight: 800.0
12:52:13.712 [FXGL Background Thread 3 ] DEBUG Engine               - actualHeightProperty: ReadOnlyDoubleProperty [value: 800.0]
12:52:13.712 [FXGL Background Thread 3 ] DEBUG Engine               - actualWidth: 1000.0
12:52:13.712 [FXGL Background Thread 3 ] DEBUG Engine               - actualWidthProperty: ReadOnlyDoubleProperty [value: 1000.0]
12:52:13.712 [FXGL Background Thread 3 ] DEBUG Engine               - appIcon: fxgl_icon.png
12:52:13.712 [FXGL Background Thread 3 ] DEBUG Engine               - applicationMode: DEVELOPER
12:52:13.712 [FXGL Background Thread 3 ] DEBUG Engine               - cSSList: [fxgl_dark.css]
12:52:13.712 [FXGL Background Thread 3 ] DEBUG Engine               - collisionDetectionStrategy: BRUTE_FORCE
12:52:13.713 [FXGL Background Thread 3 ] DEBUG Engine               - configClass: Optional.empty
12:52:13.713 [FXGL Background Thread 3 ] DEBUG Engine               - credits: []
12:52:13.713 [FXGL Background Thread 3 ] DEBUG Engine               - defaultCursor: CursorInfo(imageName=fxgl_default_cursor.png, hotspotX=7.0, hotspotY=6.0)
12:52:13.713 [FXGL Background Thread 3 ] DEBUG Engine               - devBBoxColorProperty: ObjectProperty [value: 0xff0000ff]
12:52:13.714 [FXGL Background Thread 3 ] DEBUG Engine               - devEnableDebugCameraProperty: BooleanProperty [value: false]
12:52:13.714 [FXGL Background Thread 3 ] DEBUG Engine               - devSensorColorProperty: ObjectProperty [value: 0xffff00ff]
12:52:13.714 [FXGL Background Thread 3 ] DEBUG Engine               - devShowBBoxProperty: BooleanProperty [value: false]
12:52:13.714 [FXGL Background Thread 3 ] DEBUG Engine               - devShowPositionProperty: BooleanProperty [value: false]
12:52:13.714 [FXGL Background Thread 3 ] DEBUG Engine               - enabledMenuItems: []
12:52:13.715 [FXGL Background Thread 3 ] DEBUG Engine               - engineServices: [class com.almasb.fxgl.app.services.FXGLAssetLoaderService, class com.almasb.fxgl.app.FXGLApplication$GameApplicationService, class com.almasb.fxgl.app.services.FXGLDialogService, class com.almasb.fxgl.app.services.IOTaskExecutorService, class com.almasb.fxgl.io.FileSystemService, class com.almasb.fxgl.localization.LocalizationService, class com.almasb.fxgl.app.services.SystemBundleService, class com.almasb.fxgl.profile.SaveLoadService, class com.almasb.fxgl.ui.FXGLUIFactoryServiceProvider, class com.almasb.fxgl.ui.FXGLDialogFactoryServiceProvider, class com.almasb.fxgl.audio.AudioPlayer, class com.almasb.fxgl.notification.impl.NotificationServiceProvider, class com.almasb.fxgl.achievement.AchievementService, class com.almasb.fxgl.cutscene.CutsceneService, class com.almasb.fxgl.minigames.MiniGameService, class com.almasb.fxgl.net.NetService, class com.almasb.fxgl.app.services.UpdaterService, class com.almasb.fxgl.dev.DevService]
12:52:13.715 [FXGL Background Thread 3 ] DEBUG Engine               - fontGame: Abel-Regular.ttf
12:52:13.715 [FXGL Background Thread 3 ] DEBUG Engine               - fontMono: TerminalLandMono-Regular.otf
12:52:13.715 [FXGL Background Thread 3 ] DEBUG Engine               - fontText: Courier-Prime.ttf
12:52:13.715 [FXGL Background Thread 3 ] DEBUG Engine               - fontUI: VarelaRound-Regular.ttf
12:52:13.715 [FXGL Background Thread 3 ] DEBUG Engine               - fullScreen: BooleanProperty [value: false]
12:52:13.715 [FXGL Background Thread 3 ] DEBUG Engine               - gameDifficulty: MEDIUM
12:52:13.715 [FXGL Background Thread 3 ] DEBUG Engine               - gameDifficultyProperty: ObjectProperty [value: MEDIUM]
12:52:13.715 [FXGL Background Thread 3 ] DEBUG Engine               - globalMusicVolume: 0.5
12:52:13.716 [FXGL Background Thread 3 ] DEBUG Engine               - globalMusicVolumeProperty: DoubleProperty [value: 0.5]
12:52:13.716 [FXGL Background Thread 3 ] DEBUG Engine               - globalSoundVolume: 0.5
12:52:13.716 [FXGL Background Thread 3 ] DEBUG Engine               - globalSoundVolumeProperty: DoubleProperty [value: 0.5]
12:52:13.716 [FXGL Background Thread 3 ] DEBUG Engine               - height: 800
12:52:13.716 [FXGL Background Thread 3 ] DEBUG Engine               - is3D: false
12:52:13.716 [FXGL Background Thread 3 ] DEBUG Engine               - isAndroid: false
12:52:13.716 [FXGL Background Thread 3 ] DEBUG Engine               - isBrowser: false
12:52:13.716 [FXGL Background Thread 3 ] DEBUG Engine               - isClickFeedbackEnabled: false
12:52:13.716 [FXGL Background Thread 3 ] DEBUG Engine               - isCloseConfirmation: false
12:52:13.716 [FXGL Background Thread 3 ] DEBUG Engine               - isDesktop: true
12:52:13.716 [FXGL Background Thread 3 ] DEBUG Engine               - isDeveloperMenuEnabled: false
12:52:13.716 [FXGL Background Thread 3 ] DEBUG Engine               - isEmbedded: false
12:52:13.717 [FXGL Background Thread 3 ] DEBUG Engine               - isEntityPreloadEnabled: true
12:52:13.717 [FXGL Background Thread 3 ] DEBUG Engine               - isExperimentalTiledLargeMap: false
12:52:13.717 [FXGL Background Thread 3 ] DEBUG Engine               - isFileSystemWriteAllowed: true
12:52:13.717 [FXGL Background Thread 3 ] DEBUG Engine               - isFullScreenAllowed: false
12:52:13.717 [FXGL Background Thread 3 ] DEBUG Engine               - isFullScreenFromStart: false
12:52:13.717 [FXGL Background Thread 3 ] DEBUG Engine               - isGameMenuEnabled: true
12:52:13.717 [FXGL Background Thread 3 ] DEBUG Engine               - isIOS: false
12:52:13.717 [FXGL Background Thread 3 ] DEBUG Engine               - isIntroEnabled: false
12:52:13.717 [FXGL Background Thread 3 ] DEBUG Engine               - isLinux: false
12:52:13.717 [FXGL Background Thread 3 ] DEBUG Engine               - isMac: false
12:52:13.717 [FXGL Background Thread 3 ] DEBUG Engine               - isMainMenuEnabled: false
12:52:13.717 [FXGL Background Thread 3 ] DEBUG Engine               - isManualResizeEnabled: false
12:52:13.717 [FXGL Background Thread 3 ] DEBUG Engine               - isMobile: false
12:52:13.717 [FXGL Background Thread 3 ] DEBUG Engine               - isNative: false
12:52:13.717 [FXGL Background Thread 3 ] DEBUG Engine               - isPauseMusicWhenMinimized: true
12:52:13.717 [FXGL Background Thread 3 ] DEBUG Engine               - isPreserveResizeRatio: false
12:52:13.717 [FXGL Background Thread 3 ] DEBUG Engine               - isProfilingEnabled: false
12:52:13.717 [FXGL Background Thread 3 ] DEBUG Engine               - isScaleAffectedOnResize: true
12:52:13.717 [FXGL Background Thread 3 ] DEBUG Engine               - isSingleStep: false
12:52:13.717 [FXGL Background Thread 3 ] DEBUG Engine               - isUserProfileEnabled: false
12:52:13.717 [FXGL Background Thread 3 ] DEBUG Engine               - isWindows: true
12:52:13.717 [FXGL Background Thread 3 ] DEBUG Engine               - language: ObjectProperty [value: ENGLISH]
12:52:13.718 [FXGL Background Thread 3 ] DEBUG Engine               - menuKey: ESCAPE
12:52:13.718 [FXGL Background Thread 3 ] DEBUG Engine               - mouseSensitivity: 0.2
12:52:13.718 [FXGL Background Thread 3 ] DEBUG Engine               - notificationViewClass: class com.almasb.fxgl.notification.view.XboxNotificationView
12:52:13.718 [FXGL Background Thread 3 ] DEBUG Engine               - pixelsPerMeter: 50.0
12:52:13.718 [FXGL Background Thread 3 ] DEBUG Engine               - platform: WINDOWS
12:52:13.718 [FXGL Background Thread 3 ] DEBUG Engine               - prefHeightProperty: ReadOnlyDoubleProperty [value: 800.0]
12:52:13.718 [FXGL Background Thread 3 ] DEBUG Engine               - prefWidthProperty: ReadOnlyDoubleProperty [value: 1000.0]
12:52:13.718 [FXGL Background Thread 3 ] DEBUG Engine               - profileDir: profiles/
12:52:13.718 [FXGL Background Thread 3 ] DEBUG Engine               - profileName: StringProperty [value: DEFAULT]
12:52:13.718 [FXGL Background Thread 3 ] DEBUG Engine               - randomSeed: -1
12:52:13.719 [FXGL Background Thread 3 ] DEBUG Engine               - runtimeInfo: RuntimeInfo(platform=WINDOWS, version=17.2, build=20.08.2022 16.50)
12:52:13.719 [FXGL Background Thread 3 ] DEBUG Engine               - saveFileExt: sav
12:52:13.719 [FXGL Background Thread 3 ] DEBUG Engine               - scaledHeightProp$fxgl: DoubleProperty [bound, value: 800.0]
12:52:13.719 [FXGL Background Thread 3 ] DEBUG Engine               - scaledWidthProp$fxgl: DoubleProperty [bound, value: 1000.0]
12:52:13.719 [FXGL Background Thread 3 ] DEBUG Engine               - sceneFactory: com.almasb.fxgl.app.scene.SceneFactory@1d0a1a25
12:52:13.719 [FXGL Background Thread 3 ] DEBUG Engine               - secondsIn24h: 60
12:52:13.720 [FXGL Background Thread 3 ] DEBUG Engine               - soundMenuBack: menu/back.wav
12:52:13.720 [FXGL Background Thread 3 ] DEBUG Engine               - soundMenuPress: menu/press.wav
12:52:13.720 [FXGL Background Thread 3 ] DEBUG Engine               - soundMenuSelect: menu/select.wav
12:52:13.720 [FXGL Background Thread 3 ] DEBUG Engine               - soundNotification: core/notification.wav
12:52:13.720 [FXGL Background Thread 3 ] DEBUG Engine               - stageStyle: DECORATED
12:52:13.720 [FXGL Background Thread 3 ] DEBUG Engine               - supportedLanguages: [ENGLISH, FRENCH, GERMAN, HUNGARIAN, RUSSIAN]
12:52:13.721 [FXGL Background Thread 3 ] DEBUG Engine               - ticksPerSecond: -1
12:52:13.721 [FXGL Background Thread 3 ] DEBUG Engine               - title: Pizzería Simulación
12:52:13.722 [FXGL Background Thread 3 ] DEBUG Engine               - urlGithub: https://github.com/AlmasB/FXGL
12:52:13.722 [FXGL Background Thread 3 ] DEBUG Engine               - urlLeaderboard: http://fxgl-top.herokuapp.com/
12:52:13.722 [FXGL Background Thread 3 ] DEBUG Engine               - urlPOM: https://raw.githubusercontent.com/AlmasB/FXGL/release/README.md
12:52:13.722 [FXGL Background Thread 3 ] DEBUG Engine               - userAppClass: class org.example.game.GameScene
12:52:13.722 [FXGL Background Thread 3 ] DEBUG Engine               - version: 0.0
12:52:13.722 [FXGL Background Thread 3 ] DEBUG Engine               - versionCheckDays: 7
12:52:13.722 [FXGL Background Thread 3 ] DEBUG Engine               - width: 1000
12:52:13.722 [FXGL Background Thread 3 ] DEBUG Engine               - Logging services
12:52:13.722 [FXGL Background Thread 3 ] DEBUG Engine               - class com.almasb.fxgl.app.services.FXGLAssetLoaderService
12:52:13.722 [FXGL Background Thread 3 ] DEBUG Engine               - class com.almasb.fxgl.app.FXGLApplication$GameApplicationService
12:52:13.722 [FXGL Background Thread 3 ] DEBUG Engine               - class com.almasb.fxgl.app.services.FXGLDialogService
12:52:13.722 [FXGL Background Thread 3 ] DEBUG Engine               - class com.almasb.fxgl.app.services.IOTaskExecutorService
12:52:13.722 [FXGL Background Thread 3 ] DEBUG Engine               - class com.almasb.fxgl.io.FileSystemService
12:52:13.722 [FXGL Background Thread 3 ] DEBUG Engine               - class com.almasb.fxgl.localization.LocalizationService
12:52:13.722 [FXGL Background Thread 3 ] DEBUG Engine               - class com.almasb.fxgl.app.services.SystemBundleService
12:52:13.722 [FXGL Background Thread 3 ] DEBUG Engine               - class com.almasb.fxgl.profile.SaveLoadService
12:52:13.722 [FXGL Background Thread 3 ] DEBUG Engine               - class com.almasb.fxgl.ui.FXGLUIFactoryServiceProvider
12:52:13.722 [FXGL Background Thread 3 ] DEBUG Engine               - class com.almasb.fxgl.ui.FXGLDialogFactoryServiceProvider
12:52:13.722 [FXGL Background Thread 3 ] DEBUG Engine               - class com.almasb.fxgl.audio.AudioPlayer
12:52:13.722 [FXGL Background Thread 3 ] DEBUG Engine               - class com.almasb.fxgl.notification.impl.NotificationServiceProvider
12:52:13.723 [FXGL Background Thread 3 ] DEBUG Engine               - class com.almasb.fxgl.achievement.AchievementService
12:52:13.723 [FXGL Background Thread 3 ] DEBUG Engine               - class com.almasb.fxgl.cutscene.CutsceneService
12:52:13.723 [FXGL Background Thread 3 ] DEBUG Engine               - class com.almasb.fxgl.minigames.MiniGameService
12:52:13.723 [FXGL Background Thread 3 ] DEBUG Engine               - class com.almasb.fxgl.net.NetService
12:52:13.723 [FXGL Background Thread 3 ] DEBUG Engine               - class com.almasb.fxgl.app.services.UpdaterService
12:52:13.723 [FXGL Background Thread 3 ] DEBUG Engine               - class com.almasb.fxgl.dev.DevService
12:52:16.140 [FXGL Background Thread 1 ] INFO  FXGLApplication      - Game initialization took: 5.262 sec
12:52:16.144 [JavaFX Application Thread] DEBUG Input                - Clearing active input actions
12:52:16.174 [JavaFX Application Thread] DEBUG GameApplicationServi - Removing overlay from FXGLLoadingScene and adding to GameScene
12:52:16.174 [JavaFX Application Thread] DEBUG PrimaryStageWindow   - FXGLLoadingScene -> GameScene
12:52:54.187 [JavaFX Application Thread] DEBUG FXGLApplication      - Exiting FXGL
12:52:54.187 [JavaFX Application Thread] DEBUG LoopRunner           - Stopping loop
12:52:54.187 [JavaFX Application Thread] DEBUG SystemBundleService  - Saving FXGL system data
12:52:54.189 [JavaFX Application Thread] DEBUG FileSystemAccess     - Writing to: C:\Users\adrib\Documents\7to Cuatri\Programacion Concurrente\Corte 3\Proyecto_Simulador\system\fxgl.bundle
12:52:54.189 [JavaFX Application Thread] DEBUG Async                - Shutting down background threads
12:52:54.190 [JavaFX Application Thread] DEBUG PrimaryStageWindow   - Closing main window
12:52:54.217 [JavaFX Application Thread] DEBUG Logger               - Closing Logger
