12:51:54.760 [main                     ] DEBUG Logger               - Configured Logger
12:51:54.786 [main                     ] DEBUG GameApplication      - Logging settings
Title: Pizzería Simulación
Version: 0.0
Width: 1000
Height: 800
Fullscreen: false
Intro: false
Profiling: false
Single step:false
App Mode: DEVELOPER
Menu Key: ESCAPE
Stage Style: DECORATED
Scene Factory: class com.almasb.fxgl.app.scene.SceneFactory

12:51:55.324 [JavaFX Application Thread] DEBUG FXGLApplication      - Initializing FXGL
12:51:55.330 [JavaFX Application Thread] INFO  Engine               - FXGL-17.2 (20.08.2022 16.50) on WINDOWS (J:17.0.5 FX:18)
12:51:55.331 [JavaFX Application Thread] DEBUG Engine               - JRE Vendor Name: Oracle Corporation
12:51:55.332 [JavaFX Application Thread] DEBUG Engine               - Running on OS: Windows 11 version 10.0
12:51:55.332 [JavaFX Application Thread] DEBUG Engine               - Architecture: amd64
12:51:55.332 [JavaFX Application Thread] INFO  Engine               - Source code and latest versions at: https://github.com/AlmasB/FXGL
12:51:55.332 [JavaFX Application Thread] INFO  Engine               -       Ask questions and discuss at: https://github.com/AlmasB/FXGL/discussions
12:51:55.332 [JavaFX Application Thread] INFO  Engine               -              Join the FXGL chat at: https://gitter.im/AlmasB/FXGL
12:51:55.464 [JavaFX Application Thread] DEBUG PrimaryStageWindow   - Creating a JavaFX scene
12:51:55.521 [JavaFX Application Thread] DEBUG PrimaryStageWindow   - Target settings size: 1000.0 x 800.0
12:51:55.521 [JavaFX Application Thread] DEBUG PrimaryStageWindow   - Scaled scene size:    1000.0 x 800.0
12:51:55.522 [JavaFX Application Thread] DEBUG PrimaryStageWindow   - Scaled ratio: (1.0, 1.0)
12:51:55.523 [JavaFX Application Thread] DEBUG PrimaryStageWindow   - Set initial scene to FXGLStartupScene
12:51:55.533 [JavaFX Application Thread] DEBUG PrimaryStageWindow   - Opening main window
12:51:55.671 [JavaFX Application Thread] DEBUG PrimaryStageWindow   - Window border size: (14.4000244140625, 37.5999755859375)
12:51:55.671 [JavaFX Application Thread] DEBUG PrimaryStageWindow   - Scaled size: 1000.0 x 800.0
12:51:55.671 [JavaFX Application Thread] DEBUG PrimaryStageWindow   - Scaled ratio: (1.0, 1.0)
12:51:55.671 [JavaFX Application Thread] DEBUG PrimaryStageWindow   - Scene size: 1000.0 x 800.0
12:51:55.672 [JavaFX Application Thread] DEBUG PrimaryStageWindow   - Stage size: 1014.4000244140625 x 837.5999755859375
12:51:55.687 [FXGL Background Thread 1 ] DEBUG Engine               - Initializing environment variables
12:51:55.736 [FXGL Background Thread 1 ] DEBUG FXGLAssetLoaderServi - User app class for loading assets: class org.example.game.GameScene
12:51:55.736 [FXGL Background Thread 1 ] DEBUG GameApplicationServi - Applying CSS: fxgl_dark.css
12:51:55.739 [FXGL Background Thread 1 ] DEBUG FXGLAssetLoaderServi - Loading from file system: jar:file:/C:/Users/adrib/.m2/repository/com/github/almasb/fxgl/17.2/fxgl-17.2.jar!/fxglassets/ui/css/fxgl_dark.css
12:51:55.817 [FXGL Background Thread 1 ] DEBUG GameApplicationServi - Initializing application scenes
12:51:55.909 [FXGL Background Thread 1 ] DEBUG GameWorld            - Game world initialized
12:51:55.984 [FXGL Background Thread 1 ] DEBUG PhysicsWorld         - Physics world initialized: appHeight=800, physics.ppm=50.0
12:51:55.984 [FXGL Background Thread 1 ] DEBUG PhysicsWorld         - Using strategy: BRUTE_FORCE
12:51:55.989 [FXGL Background Thread 1 ] DEBUG GameScene            - Game scene initialized: 1000x800
12:51:56.012 [FXGL Background Thread 1 ] DEBUG FXGL.DefaultMenu     - createMenuBodyGameMenu()
12:51:56.025 [FXGL Background Thread 1 ] DEBUG FXGL.DefaultMenu     - createOptionsMenu()
12:51:56.034 [FXGL Background Thread 1 ] DEBUG FXGLAssetLoaderServi - Loading from file system: jar:file:/C:/Users/adrib/.m2/repository/com/github/almasb/fxgl/17.2/fxgl-17.2.jar!/fxglassets/textures/particles/smoke.png
12:51:56.136 [FXGL Background Thread 1 ] DEBUG FXGLAssetLoaderServi - Loading from file system: jar:file:/C:/Users/adrib/.m2/repository/com/github/almasb/fxgl/17.2/fxgl-17.2.jar!/fxglassets/textures/particles/trace_horizontal.png
12:51:56.168 [FXGL Background Thread 1 ] DEBUG GameApplicationServi - Application scenes initialized
12:51:56.185 [FXGL Background Thread 1 ] DEBUG SystemBundleService  - Loading FXGL system data
12:51:56.187 [FXGL Background Thread 1 ] DEBUG FileSystemAccess     - Reading from: C:\Users\adrib\Documents\7to Cuatri\Programacion Concurrente\Corte 3\Proyecto_Simulador\system\fxgl.bundle
12:51:56.191 [FXGL Background Thread 1 ] DEBUG SystemBundleService  - Bundle FXGL: {}
12:51:56.191 [FXGL Background Thread 1 ] DEBUG UpdaterService       - Checking for updates
12:51:56.198 [FXGL Background Thread 1 ] DEBUG FXGLApplication      - Loading default localization
12:51:56.199 [FXGL Background Thread 4 ] DEBUG FXGLApplication      - Loading fonts
12:51:56.199 [FXGL Background Thread 1 ] DEBUG FXGLAssetLoaderServi - Loading from file system: jar:file:/C:/Users/adrib/.m2/repository/com/github/almasb/fxgl/17.2/fxgl-17.2.jar!/fxglassets/languages/english.lang
12:51:56.199 [FXGL Background Thread 4 ] DEBUG FXGLAssetLoaderServi - Loading from file system: jar:file:/C:/Users/adrib/.m2/repository/com/github/almasb/fxgl/17.2/fxgl-17.2.jar!/fxglassets/ui/fonts/VarelaRound-Regular.ttf
12:51:56.212 [FXGL Background Thread 4 ] DEBUG FXGLAssetLoaderServi - Loading from file system: jar:file:/C:/Users/adrib/.m2/repository/com/github/almasb/fxgl/17.2/fxgl-17.2.jar!/fxglassets/ui/fonts/Abel-Regular.ttf
12:51:56.215 [FXGL Background Thread 4 ] DEBUG FXGLAssetLoaderServi - Loading from file system: jar:file:/C:/Users/adrib/.m2/repository/com/github/almasb/fxgl/17.2/fxgl-17.2.jar!/fxglassets/ui/fonts/TerminalLandMono-Regular.otf
12:51:56.217 [FXGL Background Thread 4 ] DEBUG FXGLAssetLoaderServi - Loading from file system: jar:file:/C:/Users/adrib/.m2/repository/com/github/almasb/fxgl/17.2/fxgl-17.2.jar!/fxglassets/ui/fonts/Courier-Prime.ttf
12:51:56.223 [JavaFX Application Thread] DEBUG FXGLApplication      - Registering font factories with UI factory
12:51:56.252 [FXGL Background Thread 1 ] INFO  FXGLApplication      - FXGL initialization took: 0.564 sec
12:51:56.253 [JavaFX Application Thread] DEBUG FXGLAssetLoaderServi - Loading from file system: jar:file:/C:/Users/adrib/.m2/repository/com/github/almasb/fxgl/17.2/fxgl-17.2.jar!/fxglassets/textures/fxgl_icon.png
12:51:56.271 [JavaFX Application Thread] DEBUG FXGLAssetLoaderServi - Loading from file system: jar:file:/C:/Users/adrib/.m2/repository/com/github/almasb/fxgl/17.2/fxgl-17.2.jar!/fxglassets/textures/fxgl_default_cursor.png
12:51:56.290 [JavaFX Application Thread] DEBUG Input                - Registered new binding: Screenshot - CTRL+8
12:51:56.291 [JavaFX Application Thread] DEBUG Input                - Registered new binding: System info dump - CTRL+9
12:51:56.292 [JavaFX Application Thread] DEBUG Input                - Registered new binding: Restart - CTRL+R
12:51:56.293 [JavaFX Application Thread] DEBUG Input                - Registered new binding: Toggle Debug Camera - CTRL+7
12:51:56.297 [JavaFX Application Thread] DEBUG LoopRunner           - Starting loop
12:51:56.298 [JavaFX Application Thread] DEBUG LoopRunner           - Initializing JavaFX AnimationTimerLoop
12:51:56.303 [JavaFX Application Thread] DEBUG GameApplicationServi - Starting new game
12:51:56.303 [JavaFX Application Thread] DEBUG Input                - Clearing active input actions
12:51:56.321 [JavaFX Application Thread] DEBUG GameApplicationServi - Removing overlay from FXGLStartupScene and adding to FXGLLoadingScene
12:51:56.322 [JavaFX Application Thread] DEBUG PrimaryStageWindow   - FXGLStartupScene -> FXGLLoadingScene
12:51:56.322 [JavaFX Application Thread] DEBUG GameApplicationServi - Clearing previous game
12:51:56.322 [JavaFX Application Thread] DEBUG GameScene            - Clearing game scene
12:51:56.322 [JavaFX Application Thread] DEBUG GameWorld            - Clearing game world
12:51:56.322 [JavaFX Application Thread] DEBUG PhysicsWorld         - Clearing physics world
12:51:56.324 [FXGL Background Thread 1 ] DEBUG FXGLApplication      - Initializing game
12:51:56.415 [FXGL Background Thread 1 ] DEBUG FXGLAssetLoaderServi - Loading from file system: file:/C:/Users/adrib/Documents/7to%20Cuatri/Programacion%20Concurrente/Corte%203/Proyecto_Simulador/target/classes/assets/textures/mesero.png
12:51:56.437 [FXGL Background Thread 1 ] WARN  GameWorld            - Entity is already attached to world
12:51:56.438 [FXGL Background Thread 1 ] WARN  GameWorld            - Entity is already attached to world
12:51:56.439 [FXGL Background Thread 1 ] WARN  GameWorld            - Entity is already attached to world
12:51:56.440 [FXGL Background Thread 1 ] DEBUG FXGLAssetLoaderServi - Loading from file system: file:/C:/Users/adrib/Documents/7to%20Cuatri/Programacion%20Concurrente/Corte%203/Proyecto_Simulador/target/classes/assets/textures/mesa-vacia.png
12:51:56.446 [FXGL Background Thread 1 ] WARN  GameWorld            - Entity is already attached to world
12:51:56.447 [FXGL Background Thread 1 ] WARN  GameWorld            - Entity is already attached to world
12:51:56.448 [FXGL Background Thread 1 ] WARN  GameWorld            - Entity is already attached to world
12:51:56.448 [FXGL Background Thread 1 ] WARN  GameWorld            - Entity is already attached to world
12:51:56.449 [FXGL Background Thread 1 ] WARN  GameWorld            - Entity is already attached to world
12:51:56.449 [FXGL Background Thread 1 ] WARN  GameWorld            - Entity is already attached to world
12:51:56.450 [FXGL Background Thread 1 ] WARN  GameWorld            - Entity is already attached to world
12:51:56.450 [FXGL Background Thread 1 ] WARN  GameWorld            - Entity is already attached to world
12:51:56.450 [FXGL Background Thread 1 ] WARN  GameWorld            - Entity is already attached to world
12:51:56.450 [FXGL Background Thread 1 ] WARN  GameWorld            - Entity is already attached to world
12:51:56.453 [FXGL Background Thread 1 ] DEBUG FXGLAssetLoaderServi - Loading from file system: file:/C:/Users/adrib/Documents/7to%20Cuatri/Programacion%20Concurrente/Corte%203/Proyecto_Simulador/target/classes/assets/textures/cocinero.png
12:51:56.489 [FXGL Background Thread 1 ] WARN  GameWorld            - Entity is already attached to world
12:51:56.490 [FXGL Background Thread 1 ] WARN  GameWorld            - Entity is already attached to world
12:51:56.492 [FXGL Background Thread 1 ] DEBUG FXGLAssetLoaderServi - Loading from file system: file:/C:/Users/adrib/Documents/7to%20Cuatri/Programacion%20Concurrente/Corte%203/Proyecto_Simulador/target/classes/assets/textures/cliente.png
12:51:56.510 [FXGL Background Thread 1 ] WARN  GameWorld            - Entity is already attached to world
12:51:56.511 [FXGL Background Thread 1 ] WARN  GameWorld            - Entity is already attached to world
12:51:56.512 [FXGL Background Thread 1 ] WARN  GameWorld            - Entity is already attached to world
12:51:56.512 [FXGL Background Thread 1 ] WARN  GameWorld            - Entity is already attached to world
12:51:56.513 [FXGL Background Thread 1 ] WARN  GameWorld            - Entity is already attached to world
12:51:56.515 [FXGL Background Thread 1 ] DEBUG FXGLAssetLoaderServi - Loading from file system: file:/C:/Users/adrib/Documents/7to%20Cuatri/Programacion%20Concurrente/Corte%203/Proyecto_Simulador/target/classes/assets/textures/recepcionista.png
12:51:56.535 [FXGL Background Thread 1 ] WARN  GameWorld            - Entity is already attached to world
12:51:57.030 [FXGL Background Thread 2 ] INFO  UpdaterService       - Your current version:  17.2
12:51:57.030 [FXGL Background Thread 2 ] INFO  UpdaterService       - Latest stable version: 21.1
12:51:57.097 [JavaFX Application Thread] DEBUG FXGLApplication      - Exiting FXGL
12:51:57.097 [JavaFX Application Thread] DEBUG LoopRunner           - Stopping loop
12:51:57.097 [JavaFX Application Thread] DEBUG SystemBundleService  - Saving FXGL system data
12:51:57.100 [JavaFX Application Thread] DEBUG FileSystemAccess     - Writing to: C:\Users\adrib\Documents\7to Cuatri\Programacion Concurrente\Corte 3\Proyecto_Simulador\system\fxgl.bundle
12:51:57.101 [JavaFX Application Thread] DEBUG Async                - Shutting down background threads
12:51:57.101 [JavaFX Application Thread] DEBUG PrimaryStageWindow   - Closing main window
12:51:57.106 [FXGL Background Thread 1 ] INFO  FXGLApplication      - Game initialization took: 0.779 sec
12:51:57.130 [JavaFX Application Thread] DEBUG Logger               - Closing Logger
