22:56:44.590 [main                     ] DEBUG Logger               - Configured Logger
22:56:44.614 [main                     ] DEBUG GameApplication      - Logging settings
Title: Pizzería Simulación
Version: 0.0
Width: 1000
Height: 800
Fullscreen: false
Intro: false
Profiling: false
Single step:false
App Mode: DEVELOPER
Menu Key: ESCAPE
Stage Style: DECORATED
Scene Factory: class com.almasb.fxgl.app.scene.SceneFactory

22:56:45.347 [JavaFX Application Thread] DEBUG FXGLApplication      - Initializing FXGL
22:56:45.359 [JavaFX Application Thread] INFO  Engine               - FXGL-17.2 (20.08.2022 16.50) on WINDOWS (J:17.0.5 FX:18)
22:56:45.360 [JavaFX Application Thread] DEBUG Engine               - JRE Vendor Name: Oracle Corporation
22:56:45.361 [JavaFX Application Thread] DEBUG Engine               - Running on OS: Windows 11 version 10.0
22:56:45.362 [JavaFX Application Thread] DEBUG Engine               - Architecture: amd64
22:56:45.362 [JavaFX Application Thread] INFO  Engine               - Source code and latest versions at: https://github.com/AlmasB/FXGL
22:56:45.362 [JavaFX Application Thread] INFO  Engine               -       Ask questions and discuss at: https://github.com/AlmasB/FXGL/discussions
22:56:45.362 [JavaFX Application Thread] INFO  Engine               -              Join the FXGL chat at: https://gitter.im/AlmasB/FXGL
22:56:45.542 [JavaFX Application Thread] DEBUG PrimaryStageWindow   - Creating a JavaFX scene
22:56:45.619 [JavaFX Application Thread] DEBUG PrimaryStageWindow   - Target settings size: 1000.0 x 800.0
22:56:45.620 [JavaFX Application Thread] DEBUG PrimaryStageWindow   - Scaled scene size:    1000.0 x 800.0
22:56:45.620 [JavaFX Application Thread] DEBUG PrimaryStageWindow   - Scaled ratio: (1.0, 1.0)
22:56:45.622 [JavaFX Application Thread] DEBUG PrimaryStageWindow   - Set initial scene to FXGLStartupScene
22:56:45.638 [JavaFX Application Thread] DEBUG PrimaryStageWindow   - Opening main window
22:56:45.810 [JavaFX Application Thread] DEBUG PrimaryStageWindow   - Window border size: (14.4000244140625, 37.5999755859375)
22:56:45.811 [JavaFX Application Thread] DEBUG PrimaryStageWindow   - Scaled size: 1000.0 x 800.0
22:56:45.811 [JavaFX Application Thread] DEBUG PrimaryStageWindow   - Scaled ratio: (1.0, 1.0)
22:56:45.812 [JavaFX Application Thread] DEBUG PrimaryStageWindow   - Scene size: 1000.0 x 800.0
22:56:45.812 [JavaFX Application Thread] DEBUG PrimaryStageWindow   - Stage size: 1014.4000244140625 x 837.5999755859375
22:56:45.826 [FXGL Background Thread 1 ] DEBUG Engine               - Initializing environment variables
22:56:45.875 [FXGL Background Thread 1 ] DEBUG FXGLAssetLoaderServi - User app class for loading assets: class org.example.ui.Scene
22:56:45.876 [FXGL Background Thread 1 ] DEBUG GameApplicationServi - Applying CSS: fxgl_dark.css
22:56:45.879 [FXGL Background Thread 1 ] DEBUG FXGLAssetLoaderServi - Loading from file system: jar:file:/C:/Users/alber/.m2/repository/com/github/almasb/fxgl/17.2/fxgl-17.2.jar!/fxglassets/ui/css/fxgl_dark.css
22:56:45.971 [FXGL Background Thread 1 ] DEBUG GameApplicationServi - Initializing application scenes
22:56:46.034 [FXGL Background Thread 1 ] DEBUG GameWorld            - Game world initialized
22:56:46.106 [FXGL Background Thread 1 ] DEBUG PhysicsWorld         - Physics world initialized: appHeight=800, physics.ppm=50.0
22:56:46.107 [FXGL Background Thread 1 ] DEBUG PhysicsWorld         - Using strategy: BRUTE_FORCE
22:56:46.117 [FXGL Background Thread 1 ] DEBUG GameScene            - Game scene initialized: 1000x800
22:56:46.141 [FXGL Background Thread 1 ] DEBUG FXGL.DefaultMenu     - createMenuBodyGameMenu()
22:56:46.185 [FXGL Background Thread 1 ] DEBUG FXGL.DefaultMenu     - createOptionsMenu()
22:56:46.218 [FXGL Background Thread 1 ] DEBUG FXGLAssetLoaderServi - Loading from file system: jar:file:/C:/Users/alber/.m2/repository/com/github/almasb/fxgl/17.2/fxgl-17.2.jar!/fxglassets/textures/particles/smoke.png
22:56:46.406 [FXGL Background Thread 1 ] DEBUG FXGLAssetLoaderServi - Loading from file system: jar:file:/C:/Users/alber/.m2/repository/com/github/almasb/fxgl/17.2/fxgl-17.2.jar!/fxglassets/textures/particles/trace_horizontal.png
22:56:46.449 [FXGL Background Thread 1 ] DEBUG GameApplicationServi - Application scenes initialized
22:56:46.486 [FXGL Background Thread 1 ] DEBUG SystemBundleService  - Loading FXGL system data
22:56:46.490 [FXGL Background Thread 1 ] DEBUG FileSystemAccess     - Reading from: C:\Users\alber\IdeaProjects\Simulador_Restaurant\system\fxgl.bundle
22:56:46.495 [FXGL Background Thread 1 ] DEBUG SystemBundleService  - Bundle FXGL: {}
22:56:46.496 [FXGL Background Thread 1 ] DEBUG UpdaterService       - Checking for updates
22:56:46.512 [FXGL Background Thread 4 ] DEBUG FXGLApplication      - Loading fonts
22:56:46.513 [FXGL Background Thread 4 ] DEBUG FXGLAssetLoaderServi - Loading from file system: jar:file:/C:/Users/alber/.m2/repository/com/github/almasb/fxgl/17.2/fxgl-17.2.jar!/fxglassets/ui/fonts/VarelaRound-Regular.ttf
22:56:46.513 [FXGL Background Thread 1 ] DEBUG FXGLApplication      - Loading default localization
22:56:46.515 [FXGL Background Thread 1 ] DEBUG FXGLAssetLoaderServi - Loading from file system: jar:file:/C:/Users/alber/.m2/repository/com/github/almasb/fxgl/17.2/fxgl-17.2.jar!/fxglassets/languages/english.lang
22:56:46.537 [FXGL Background Thread 4 ] DEBUG FXGLAssetLoaderServi - Loading from file system: jar:file:/C:/Users/alber/.m2/repository/com/github/almasb/fxgl/17.2/fxgl-17.2.jar!/fxglassets/ui/fonts/Abel-Regular.ttf
22:56:46.547 [FXGL Background Thread 4 ] DEBUG FXGLAssetLoaderServi - Loading from file system: jar:file:/C:/Users/alber/.m2/repository/com/github/almasb/fxgl/17.2/fxgl-17.2.jar!/fxglassets/ui/fonts/TerminalLandMono-Regular.otf
22:56:46.556 [FXGL Background Thread 4 ] DEBUG FXGLAssetLoaderServi - Loading from file system: jar:file:/C:/Users/alber/.m2/repository/com/github/almasb/fxgl/17.2/fxgl-17.2.jar!/fxglassets/ui/fonts/Courier-Prime.ttf
22:56:46.568 [FXGL Background Thread 1 ] INFO  FXGLApplication      - FXGL initialization took: 0.742 sec
22:56:46.573 [JavaFX Application Thread] DEBUG FXGLAssetLoaderServi - Loading from file system: jar:file:/C:/Users/alber/.m2/repository/com/github/almasb/fxgl/17.2/fxgl-17.2.jar!/fxglassets/textures/fxgl_icon.png
22:56:46.622 [JavaFX Application Thread] DEBUG FXGLAssetLoaderServi - Loading from file system: jar:file:/C:/Users/alber/.m2/repository/com/github/almasb/fxgl/17.2/fxgl-17.2.jar!/fxglassets/textures/fxgl_default_cursor.png
22:56:46.653 [JavaFX Application Thread] DEBUG Input                - Registered new binding: Screenshot - CTRL+8
22:56:46.654 [JavaFX Application Thread] DEBUG Input                - Registered new binding: System info dump - CTRL+9
22:56:46.655 [JavaFX Application Thread] DEBUG Input                - Registered new binding: Restart - CTRL+R
22:56:46.657 [JavaFX Application Thread] DEBUG Input                - Registered new binding: Toggle Debug Camera - CTRL+7
22:56:46.664 [JavaFX Application Thread] DEBUG LoopRunner           - Starting loop
22:56:46.664 [JavaFX Application Thread] DEBUG LoopRunner           - Initializing JavaFX AnimationTimerLoop
22:56:46.672 [JavaFX Application Thread] DEBUG GameApplicationServi - Starting new game
22:56:46.673 [JavaFX Application Thread] DEBUG Input                - Clearing active input actions
22:56:46.700 [JavaFX Application Thread] DEBUG GameApplicationServi - Removing overlay from FXGLStartupScene and adding to FXGLLoadingScene
22:56:46.701 [JavaFX Application Thread] DEBUG PrimaryStageWindow   - FXGLStartupScene -> FXGLLoadingScene
22:56:46.701 [JavaFX Application Thread] DEBUG GameApplicationServi - Clearing previous game
22:56:46.701 [JavaFX Application Thread] DEBUG GameScene            - Clearing game scene
22:56:46.701 [JavaFX Application Thread] DEBUG GameWorld            - Clearing game world
22:56:46.701 [JavaFX Application Thread] DEBUG PhysicsWorld         - Clearing physics world
22:56:46.706 [FXGL Background Thread 4 ] DEBUG FXGLApplication      - Initializing game
22:56:46.710 [JavaFX Application Thread] DEBUG FXGLApplication      - Registering font factories with UI factory
22:56:46.834 [FXGL Background Thread 4 ] DEBUG FXGLAssetLoaderServi - Loading from file system: file:/C:/Users/alber/IdeaProjects/Simulador_Restaurant/target/classes/assets/textures/robots.png
22:56:46.857 [FXGL Background Thread 4 ] DEBUG FXGLAssetLoaderServi - Loading from file system: file:/C:/Users/alber/IdeaProjects/Simulador_Restaurant/target/classes/assets/textures/recepcionista.png
22:56:46.896 [FXGL Background Thread 4 ] DEBUG FXGLAssetLoaderServi - Loading from file system: file:/C:/Users/alber/IdeaProjects/Simulador_Restaurant/target/classes/assets/textures/mesa-vacia.png
22:56:46.920 [FXGL Background Thread 4 ] DEBUG FXGLAssetLoaderServi - Loading from file system: file:/C:/Users/alber/IdeaProjects/Simulador_Restaurant/target/classes/assets/textures/cocinero.png
22:56:46.944 [FXGL Background Thread 4 ] DEBUG FXGLAssetLoaderServi - Loading from file system: file:/C:/Users/alber/IdeaProjects/Simulador_Restaurant/target/classes/assets/textures/mesero.png
22:56:46.965 [FXGL Background Thread 4 ] INFO  FXGLApplication      - Game initialization took: 0.258 sec
22:56:46.990 [JavaFX Application Thread] DEBUG Input                - Clearing active input actions
22:56:47.008 [JavaFX Application Thread] DEBUG GameApplicationServi - Removing overlay from FXGLLoadingScene and adding to GameScene
22:56:47.009 [JavaFX Application Thread] DEBUG PrimaryStageWindow   - FXGLLoadingScene -> GameScene
22:56:47.239 [FXGL Background Thread 2 ] INFO  UpdaterService       - Your current version:  17.2
22:56:47.239 [FXGL Background Thread 2 ] INFO  UpdaterService       - Latest stable version: 21.1
22:56:47.979 [JavaFX Application Thread] DEBUG FXGLAssetLoaderServi - Loading from file system: file:/C:/Users/alber/IdeaProjects/Simulador_Restaurant/target/classes/assets/textures/cliente.png
22:56:48.330 [JavaFX Application Thread] DEBUG FXGLApplication      - Exiting FXGL
22:56:48.330 [JavaFX Application Thread] DEBUG LoopRunner           - Stopping loop
22:56:48.332 [JavaFX Application Thread] DEBUG SystemBundleService  - Saving FXGL system data
22:56:48.333 [JavaFX Application Thread] DEBUG FileSystemAccess     - Writing to: C:\Users\alber\IdeaProjects\Simulador_Restaurant\system\fxgl.bundle
22:56:48.334 [JavaFX Application Thread] DEBUG Async                - Shutting down background threads
22:56:48.334 [JavaFX Application Thread] DEBUG PrimaryStageWindow   - Closing main window
22:56:48.357 [JavaFX Application Thread] DEBUG Logger               - Closing Logger
