11:49:51.329 [main                     ] DEBUG Logger               - Configured Logger
11:49:51.361 [main                     ] DEBUG GameApplication      - Logging settings
Title: Simulador de restaurant
Version: 0.0
Width: 800
Height: 600
Fullscreen: false
Intro: false
Profiling: false
Single step:false
App Mode: DEVELOPER
Menu Key: ESCAPE
Stage Style: DECORATED
Scene Factory: class com.almasb.fxgl.app.scene.SceneFactory

11:49:52.021 [JavaFX Application Thread] DEBUG FXGLApplication      - Initializing FXGL
11:49:52.026 [JavaFX Application Thread] INFO  Engine               - FXGL-17.3 (30.03.2023 11.49) on WINDOWS (J:17.0.5 FX:20)
11:49:52.026 [JavaFX Application Thread] DEBUG Engine               - JRE Vendor Name: Oracle Corporation
11:49:52.026 [JavaFX Application Thread] DEBUG Engine               - Running on OS: Windows 11 version 10.0
11:49:52.026 [JavaFX Application Thread] DEBUG Engine               - Architecture: amd64
11:49:52.026 [JavaFX Application Thread] INFO  Engine               - Source code and latest versions at: https://github.com/AlmasB/FXGL
11:49:52.027 [JavaFX Application Thread] INFO  Engine               -       Ask questions and discuss at: https://github.com/AlmasB/FXGL/discussions
11:49:52.027 [JavaFX Application Thread] INFO  Engine               -              Join the FXGL chat at: https://gitter.im/AlmasB/FXGL
11:49:52.159 [JavaFX Application Thread] DEBUG PrimaryStageWindow   - Creating a JavaFX scene
11:49:52.237 [JavaFX Application Thread] DEBUG PrimaryStageWindow   - Target settings size: 800.0 x 600.0
11:49:52.237 [JavaFX Application Thread] DEBUG PrimaryStageWindow   - Scaled scene size:    800.0 x 600.0
11:49:52.237 [JavaFX Application Thread] DEBUG PrimaryStageWindow   - Scaled ratio: (1.0, 1.0)
11:49:52.240 [JavaFX Application Thread] DEBUG PrimaryStageWindow   - Set initial scene to FXGLStartupScene
11:49:52.245 [JavaFX Application Thread] DEBUG PrimaryStageWindow   - Opening main window
11:49:52.408 [JavaFX Application Thread] DEBUG PrimaryStageWindow   - Window border size: (14.4000244140625, 37.5999755859375)
11:49:52.409 [JavaFX Application Thread] DEBUG PrimaryStageWindow   - Scaled size: 800.0 x 600.0
11:49:52.409 [JavaFX Application Thread] DEBUG PrimaryStageWindow   - Scaled ratio: (1.0, 1.0)
11:49:52.410 [JavaFX Application Thread] DEBUG PrimaryStageWindow   - Scene size: 800.0 x 600.0
11:49:52.410 [JavaFX Application Thread] DEBUG PrimaryStageWindow   - Stage size: 814.4000244140625 x 637.5999755859375
11:49:52.422 [FXGL Background Thread 1 ] DEBUG Engine               - Initializing environment variables
11:49:52.470 [FXGL Background Thread 1 ] DEBUG FXGLAssetLoaderServi - User app class for loading assets: class org.example.game.Main
11:49:52.471 [FXGL Background Thread 1 ] DEBUG GameApplicationServi - Applying CSS: fxgl_dark.css
11:49:52.472 [FXGL Background Thread 1 ] DEBUG FXGLAssetLoaderServi - Loading from file system: jar:file:/C:/Users/adrib/.m2/repository/com/github/almasb/fxgl/17.3/fxgl-17.3.jar!/fxglassets/ui/css/fxgl_dark.css
11:49:52.511 [FXGL Background Thread 1 ] DEBUG GameApplicationServi - Initializing application scenes
11:49:52.573 [FXGL Background Thread 1 ] DEBUG GameWorld            - Game world initialized
11:49:52.629 [FXGL Background Thread 1 ] DEBUG PhysicsWorld         - Physics world initialized: appHeight=600, physics.ppm=50.0
11:49:52.629 [FXGL Background Thread 1 ] DEBUG PhysicsWorld         - Using strategy: BRUTE_FORCE
11:49:52.633 [FXGL Background Thread 1 ] DEBUG GameScene            - Game scene initialized: 800x600
11:49:52.648 [FXGL Background Thread 1 ] DEBUG FXGL.DefaultMenu     - createMenuBodyGameMenu()
11:49:52.665 [FXGL Background Thread 1 ] DEBUG FXGL.DefaultMenu     - createOptionsMenu()
11:49:52.678 [FXGL Background Thread 1 ] DEBUG FXGLAssetLoaderServi - Loading from file system: jar:file:/C:/Users/adrib/.m2/repository/com/github/almasb/fxgl/17.3/fxgl-17.3.jar!/fxglassets/textures/particles/smoke.png
11:49:52.783 [FXGL Background Thread 1 ] DEBUG FXGLAssetLoaderServi - Loading from file system: jar:file:/C:/Users/adrib/.m2/repository/com/github/almasb/fxgl/17.3/fxgl-17.3.jar!/fxglassets/textures/particles/trace_horizontal.png
11:49:52.805 [FXGL Background Thread 1 ] DEBUG GameApplicationServi - Application scenes initialized
11:49:52.817 [FXGL Background Thread 1 ] DEBUG SystemBundleService  - Loading FXGL system data
11:49:52.822 [FXGL Background Thread 1 ] DEBUG FileSystemAccess     - Reading from: C:\Users\adrib\Documents\7to Cuatri\Programacion Concurrente\Corte 3\Proyecto_Simulador\system\fxgl.bundle
11:49:52.828 [FXGL Background Thread 1 ] DEBUG SystemBundleService  - Bundle FXGL: {}
11:49:52.829 [FXGL Background Thread 1 ] DEBUG UpdaterService       - Checking for updates
11:49:52.832 [FXGL Background Thread 4 ] DEBUG FXGLApplication      - Loading fonts
11:49:52.832 [FXGL Background Thread 4 ] DEBUG FXGLAssetLoaderServi - Loading from file system: jar:file:/C:/Users/adrib/.m2/repository/com/github/almasb/fxgl/17.3/fxgl-17.3.jar!/fxglassets/ui/fonts/VarelaRound-Regular.ttf
11:49:52.833 [FXGL Background Thread 1 ] DEBUG FXGLApplication      - Loading default localization
11:49:52.833 [FXGL Background Thread 1 ] DEBUG FXGLAssetLoaderServi - Loading from file system: jar:file:/C:/Users/adrib/.m2/repository/com/github/almasb/fxgl/17.3/fxgl-17.3.jar!/fxglassets/languages/english.lang
11:49:52.858 [FXGL Background Thread 1 ] INFO  FXGLApplication      - FXGL initialization took: 0.435 sec
11:49:52.859 [JavaFX Application Thread] DEBUG FXGLAssetLoaderServi - Loading from file system: jar:file:/C:/Users/adrib/.m2/repository/com/github/almasb/fxgl/17.3/fxgl-17.3.jar!/fxglassets/textures/fxgl_icon.png
11:49:52.884 [JavaFX Application Thread] DEBUG FXGLAssetLoaderServi - Loading from file system: jar:file:/C:/Users/adrib/.m2/repository/com/github/almasb/fxgl/17.3/fxgl-17.3.jar!/fxglassets/textures/fxgl_default_cursor.png
11:49:52.901 [FXGL Background Thread 4 ] DEBUG FXGLAssetLoaderServi - Loading from file system: jar:file:/C:/Users/adrib/.m2/repository/com/github/almasb/fxgl/17.3/fxgl-17.3.jar!/fxglassets/ui/fonts/Abel-Regular.ttf
11:49:52.902 [JavaFX Application Thread] DEBUG Input                - Registered new binding: Screenshot - CTRL+8
11:49:52.902 [JavaFX Application Thread] DEBUG Input                - Registered new binding: System info dump - CTRL+9
11:49:52.903 [JavaFX Application Thread] DEBUG Input                - Registered new binding: Restart - CTRL+R
11:49:52.904 [FXGL Background Thread 4 ] DEBUG FXGLAssetLoaderServi - Loading from file system: jar:file:/C:/Users/adrib/.m2/repository/com/github/almasb/fxgl/17.3/fxgl-17.3.jar!/fxglassets/ui/fonts/TerminalLandMono-Regular.otf
11:49:52.905 [JavaFX Application Thread] DEBUG Input                - Registered new binding: Toggle Debug Camera - CTRL+7
11:49:52.908 [FXGL Background Thread 4 ] DEBUG FXGLAssetLoaderServi - Loading from file system: jar:file:/C:/Users/adrib/.m2/repository/com/github/almasb/fxgl/17.3/fxgl-17.3.jar!/fxglassets/ui/fonts/Courier-Prime.ttf
11:49:52.909 [JavaFX Application Thread] DEBUG LoopRunner           - Starting loop
11:49:52.909 [JavaFX Application Thread] DEBUG LoopRunner           - Initializing JavaFX AnimationTimerLoop
11:49:52.912 [JavaFX Application Thread] DEBUG GameApplicationServi - Starting new game
11:49:52.913 [JavaFX Application Thread] DEBUG Input                - Clearing active input actions
11:49:52.922 [JavaFX Application Thread] DEBUG GameApplicationServi - Removing overlay from FXGLStartupScene and adding to FXGLLoadingScene
11:49:52.922 [JavaFX Application Thread] DEBUG PrimaryStageWindow   - FXGLStartupScene -> FXGLLoadingScene
11:49:52.922 [JavaFX Application Thread] DEBUG GameApplicationServi - Clearing previous game
11:49:52.922 [JavaFX Application Thread] DEBUG GameScene            - Clearing game scene
11:49:52.923 [JavaFX Application Thread] DEBUG GameWorld            - Clearing game world
11:49:52.923 [JavaFX Application Thread] DEBUG PhysicsWorld         - Clearing physics world
11:49:52.925 [FXGL Background Thread 4 ] DEBUG FXGLApplication      - Initializing game
11:49:52.927 [FXGL Background Thread 4 ] INFO  FXGLApplication      - Game initialization took: 0.002 sec
11:49:52.971 [JavaFX Application Thread] DEBUG Input                - Clearing active input actions
11:49:52.975 [JavaFX Application Thread] DEBUG GameApplicationServi - Removing overlay from FXGLLoadingScene and adding to GameScene
11:49:52.975 [JavaFX Application Thread] DEBUG PrimaryStageWindow   - FXGLLoadingScene -> GameScene
11:49:54.715 [FXGL Background Thread 2 ] INFO  UpdaterService       - Your current version:  17.3
11:49:54.715 [FXGL Background Thread 2 ] INFO  UpdaterService       - Latest stable version: 21.1
11:49:55.831 [FXGL Background Thread 3 ] DEBUG Engine               - Logging environment variables
11:49:55.833 [FXGL Background Thread 3 ] DEBUG Engine               - achievements: []
11:49:55.833 [FXGL Background Thread 3 ] DEBUG Engine               - actualHeight: 600.0
11:49:55.833 [FXGL Background Thread 3 ] DEBUG Engine               - actualHeightProperty: ReadOnlyDoubleProperty [value: 600.0]
11:49:55.833 [FXGL Background Thread 3 ] DEBUG Engine               - actualWidth: 800.0
11:49:55.833 [FXGL Background Thread 3 ] DEBUG Engine               - actualWidthProperty: ReadOnlyDoubleProperty [value: 800.0]
11:49:55.833 [FXGL Background Thread 3 ] DEBUG Engine               - appIcon: fxgl_icon.png
11:49:55.833 [FXGL Background Thread 3 ] DEBUG Engine               - applicationMode: DEVELOPER
11:49:55.834 [FXGL Background Thread 3 ] DEBUG Engine               - cSSList: [fxgl_dark.css]
11:49:55.834 [FXGL Background Thread 3 ] DEBUG Engine               - collisionDetectionStrategy: BRUTE_FORCE
11:49:55.834 [FXGL Background Thread 3 ] DEBUG Engine               - configClass: Optional.empty
11:49:55.834 [FXGL Background Thread 3 ] DEBUG Engine               - credits: []
11:49:55.835 [FXGL Background Thread 3 ] DEBUG Engine               - defaultCursor: CursorInfo(imageName=fxgl_default_cursor.png, hotspotX=7.0, hotspotY=6.0)
11:49:55.835 [FXGL Background Thread 3 ] DEBUG Engine               - devBBoxColorProperty: ObjectProperty [value: 0xff0000ff]
11:49:55.835 [FXGL Background Thread 3 ] DEBUG Engine               - devEnableDebugCameraProperty: BooleanProperty [value: false]
11:49:55.836 [FXGL Background Thread 3 ] DEBUG Engine               - devSensorColorProperty: ObjectProperty [value: 0xffff00ff]
11:49:55.836 [FXGL Background Thread 3 ] DEBUG Engine               - devShowBBoxProperty: BooleanProperty [value: false]
11:49:55.836 [FXGL Background Thread 3 ] DEBUG Engine               - devShowPositionProperty: BooleanProperty [value: false]
11:49:55.836 [FXGL Background Thread 3 ] DEBUG Engine               - enabledMenuItems: []
11:49:55.836 [FXGL Background Thread 3 ] DEBUG Engine               - engineServices: [class com.almasb.fxgl.app.services.FXGLAssetLoaderService, class com.almasb.fxgl.app.FXGLApplication$GameApplicationService, class com.almasb.fxgl.app.services.FXGLDialogService, class com.almasb.fxgl.app.services.IOTaskExecutorService, class com.almasb.fxgl.io.FileSystemService, class com.almasb.fxgl.localization.LocalizationService, class com.almasb.fxgl.app.services.SystemBundleService, class com.almasb.fxgl.profile.SaveLoadService, class com.almasb.fxgl.ui.FXGLUIFactoryServiceProvider, class com.almasb.fxgl.ui.FXGLDialogFactoryServiceProvider, class com.almasb.fxgl.audio.AudioPlayer, class com.almasb.fxgl.notification.impl.NotificationServiceProvider, class com.almasb.fxgl.achievement.AchievementService, class com.almasb.fxgl.cutscene.CutsceneService, class com.almasb.fxgl.minigames.MiniGameService, class com.almasb.fxgl.net.NetService, class com.almasb.fxgl.app.services.UpdaterService, class com.almasb.fxgl.dev.DevService]
11:49:55.836 [FXGL Background Thread 3 ] DEBUG Engine               - fontGame: Abel-Regular.ttf
11:49:55.836 [FXGL Background Thread 3 ] DEBUG Engine               - fontMono: TerminalLandMono-Regular.otf
11:49:55.836 [FXGL Background Thread 3 ] DEBUG Engine               - fontSizeScaleUI: 1.0
11:49:55.837 [FXGL Background Thread 3 ] DEBUG Engine               - fontText: Courier-Prime.ttf
11:49:55.837 [FXGL Background Thread 3 ] DEBUG Engine               - fontUI: VarelaRound-Regular.ttf
11:49:55.837 [FXGL Background Thread 3 ] DEBUG Engine               - fullScreen: BooleanProperty [value: false]
11:49:55.837 [FXGL Background Thread 3 ] DEBUG Engine               - gameDifficulty: MEDIUM
11:49:55.837 [FXGL Background Thread 3 ] DEBUG Engine               - gameDifficultyProperty: ObjectProperty [value: MEDIUM]
11:49:55.837 [FXGL Background Thread 3 ] DEBUG Engine               - globalMusicVolume: 0.5
11:49:55.838 [FXGL Background Thread 3 ] DEBUG Engine               - globalMusicVolumeProperty: DoubleProperty [value: 0.5]
11:49:55.838 [FXGL Background Thread 3 ] DEBUG Engine               - globalSoundVolume: 0.5
11:49:55.838 [FXGL Background Thread 3 ] DEBUG Engine               - globalSoundVolumeProperty: DoubleProperty [value: 0.5]
11:49:55.838 [FXGL Background Thread 3 ] DEBUG Engine               - height: 600
11:49:55.838 [FXGL Background Thread 3 ] DEBUG Engine               - is3D: false
11:49:55.838 [FXGL Background Thread 3 ] DEBUG Engine               - isAndroid: false
11:49:55.838 [FXGL Background Thread 3 ] DEBUG Engine               - isBrowser: false
11:49:55.839 [FXGL Background Thread 3 ] DEBUG Engine               - isClickFeedbackEnabled: false
11:49:55.839 [FXGL Background Thread 3 ] DEBUG Engine               - isCloseConfirmation: false
11:49:55.839 [FXGL Background Thread 3 ] DEBUG Engine               - isDesktop: true
11:49:55.839 [FXGL Background Thread 3 ] DEBUG Engine               - isDeveloperMenuEnabled: false
11:49:55.839 [FXGL Background Thread 3 ] DEBUG Engine               - isEmbedded: false
11:49:55.839 [FXGL Background Thread 3 ] DEBUG Engine               - isEntityPreloadEnabled: true
11:49:55.839 [FXGL Background Thread 3 ] DEBUG Engine               - isExperimentalTiledLargeMap: false
11:49:55.840 [FXGL Background Thread 3 ] DEBUG Engine               - isFileSystemWriteAllowed: true
11:49:55.840 [FXGL Background Thread 3 ] DEBUG Engine               - isFullScreenAllowed: false
11:49:55.840 [FXGL Background Thread 3 ] DEBUG Engine               - isFullScreenFromStart: false
11:49:55.840 [FXGL Background Thread 3 ] DEBUG Engine               - isGameMenuEnabled: true
11:49:55.840 [FXGL Background Thread 3 ] DEBUG Engine               - isIOS: false
11:49:55.840 [FXGL Background Thread 3 ] DEBUG Engine               - isIntroEnabled: false
11:49:55.841 [FXGL Background Thread 3 ] DEBUG Engine               - isLinux: false
11:49:55.841 [FXGL Background Thread 3 ] DEBUG Engine               - isMac: false
11:49:55.841 [FXGL Background Thread 3 ] DEBUG Engine               - isMainMenuEnabled: false
11:49:55.841 [FXGL Background Thread 3 ] DEBUG Engine               - isManualResizeEnabled: false
11:49:55.841 [FXGL Background Thread 3 ] DEBUG Engine               - isMobile: false
11:49:55.841 [FXGL Background Thread 3 ] DEBUG Engine               - isNative: false
11:49:55.841 [FXGL Background Thread 3 ] DEBUG Engine               - isPauseMusicWhenMinimized: true
11:49:55.841 [FXGL Background Thread 3 ] DEBUG Engine               - isPreserveResizeRatio: false
11:49:55.842 [FXGL Background Thread 3 ] DEBUG Engine               - isProfilingEnabled: false
11:49:55.842 [FXGL Background Thread 3 ] DEBUG Engine               - isScaleAffectedOnResize: true
11:49:55.842 [FXGL Background Thread 3 ] DEBUG Engine               - isSingleStep: false
11:49:55.842 [FXGL Background Thread 3 ] DEBUG Engine               - isUserProfileEnabled: false
11:49:55.842 [FXGL Background Thread 3 ] DEBUG Engine               - isWindows: true
11:49:55.842 [FXGL Background Thread 3 ] DEBUG Engine               - language: ObjectProperty [value: ENGLISH]
11:49:55.843 [FXGL Background Thread 3 ] DEBUG Engine               - menuKey: ESCAPE
11:49:55.843 [FXGL Background Thread 3 ] DEBUG Engine               - mouseSensitivity: 0.2
11:49:55.843 [FXGL Background Thread 3 ] DEBUG Engine               - notificationViewClass: class com.almasb.fxgl.notification.view.XboxNotificationView
11:49:55.843 [FXGL Background Thread 3 ] DEBUG Engine               - pixelsPerMeter: 50.0
11:49:55.843 [FXGL Background Thread 3 ] DEBUG Engine               - platform: WINDOWS
11:49:55.843 [FXGL Background Thread 3 ] DEBUG Engine               - prefHeightProperty: ReadOnlyDoubleProperty [value: 600.0]
11:49:55.843 [FXGL Background Thread 3 ] DEBUG Engine               - prefWidthProperty: ReadOnlyDoubleProperty [value: 800.0]
11:49:55.843 [FXGL Background Thread 3 ] DEBUG Engine               - profileDir: profiles/
11:49:55.843 [FXGL Background Thread 3 ] DEBUG Engine               - profileName: StringProperty [value: DEFAULT]
11:49:55.844 [FXGL Background Thread 3 ] DEBUG Engine               - randomSeed: -1
11:49:55.844 [FXGL Background Thread 3 ] DEBUG Engine               - runtimeInfo: RuntimeInfo(platform=WINDOWS, version=17.3, build=30.03.2023 11.49)
11:49:55.844 [FXGL Background Thread 3 ] DEBUG Engine               - saveFileExt: sav
11:49:55.845 [FXGL Background Thread 3 ] DEBUG Engine               - scaledHeightProp$fxgl: DoubleProperty [bound, value: 600.0]
11:49:55.845 [FXGL Background Thread 3 ] DEBUG Engine               - scaledWidthProp$fxgl: DoubleProperty [bound, value: 800.0]
11:49:55.845 [FXGL Background Thread 3 ] DEBUG Engine               - sceneFactory: com.almasb.fxgl.app.scene.SceneFactory@7fca74fa
11:49:55.845 [FXGL Background Thread 3 ] DEBUG Engine               - secondsIn24h: 60
11:49:55.845 [FXGL Background Thread 3 ] DEBUG Engine               - soundMenuBack: menu/back.wav
11:49:55.845 [FXGL Background Thread 3 ] DEBUG Engine               - soundMenuPress: menu/press.wav
11:49:55.845 [FXGL Background Thread 3 ] DEBUG Engine               - soundMenuSelect: menu/select.wav
11:49:55.846 [FXGL Background Thread 3 ] DEBUG Engine               - soundNotification: core/notification.wav
11:49:55.846 [FXGL Background Thread 3 ] DEBUG Engine               - stageStyle: DECORATED
11:49:55.846 [FXGL Background Thread 3 ] DEBUG Engine               - supportedLanguages: [ENGLISH, FRENCH, GERMAN, HUNGARIAN, RUSSIAN]
11:49:55.846 [FXGL Background Thread 3 ] DEBUG Engine               - ticksPerSecond: -1
11:49:55.846 [FXGL Background Thread 3 ] DEBUG Engine               - title: Simulador de restaurant
11:49:55.846 [FXGL Background Thread 3 ] DEBUG Engine               - urlGithub: https://github.com/AlmasB/FXGL
11:49:55.846 [FXGL Background Thread 3 ] DEBUG Engine               - urlLeaderboard: http://fxgl-top.herokuapp.com/
11:49:55.847 [FXGL Background Thread 3 ] DEBUG Engine               - urlPOM: https://raw.githubusercontent.com/AlmasB/FXGL/release/README.md
11:49:55.847 [FXGL Background Thread 3 ] DEBUG Engine               - userAppClass: class org.example.game.Main
11:49:55.847 [FXGL Background Thread 3 ] DEBUG Engine               - version: 0.0
11:49:55.847 [FXGL Background Thread 3 ] DEBUG Engine               - versionCheckDays: 7
11:49:55.847 [FXGL Background Thread 3 ] DEBUG Engine               - width: 800
11:49:55.847 [FXGL Background Thread 3 ] DEBUG Engine               - Logging services
11:49:55.847 [FXGL Background Thread 3 ] DEBUG Engine               - class com.almasb.fxgl.app.services.FXGLAssetLoaderService
11:49:55.847 [FXGL Background Thread 3 ] DEBUG Engine               - class com.almasb.fxgl.app.FXGLApplication$GameApplicationService
11:49:55.848 [FXGL Background Thread 3 ] DEBUG Engine               - class com.almasb.fxgl.app.services.FXGLDialogService
11:49:55.848 [FXGL Background Thread 3 ] DEBUG Engine               - class com.almasb.fxgl.app.services.IOTaskExecutorService
11:49:55.848 [FXGL Background Thread 3 ] DEBUG Engine               - class com.almasb.fxgl.io.FileSystemService
11:49:55.848 [FXGL Background Thread 3 ] DEBUG Engine               - class com.almasb.fxgl.localization.LocalizationService
11:49:55.848 [FXGL Background Thread 3 ] DEBUG Engine               - class com.almasb.fxgl.app.services.SystemBundleService
11:49:55.848 [FXGL Background Thread 3 ] DEBUG Engine               - class com.almasb.fxgl.profile.SaveLoadService
11:49:55.848 [FXGL Background Thread 3 ] DEBUG Engine               - class com.almasb.fxgl.ui.FXGLUIFactoryServiceProvider
11:49:55.848 [FXGL Background Thread 3 ] DEBUG Engine               - class com.almasb.fxgl.ui.FXGLDialogFactoryServiceProvider
11:49:55.848 [FXGL Background Thread 3 ] DEBUG Engine               - class com.almasb.fxgl.audio.AudioPlayer
11:49:55.849 [FXGL Background Thread 3 ] DEBUG Engine               - class com.almasb.fxgl.notification.impl.NotificationServiceProvider
11:49:55.849 [FXGL Background Thread 3 ] DEBUG Engine               - class com.almasb.fxgl.achievement.AchievementService
11:49:55.849 [FXGL Background Thread 3 ] DEBUG Engine               - class com.almasb.fxgl.cutscene.CutsceneService
11:49:55.849 [FXGL Background Thread 3 ] DEBUG Engine               - class com.almasb.fxgl.minigames.MiniGameService
11:49:55.849 [FXGL Background Thread 3 ] DEBUG Engine               - class com.almasb.fxgl.net.NetService
11:49:55.849 [FXGL Background Thread 3 ] DEBUG Engine               - class com.almasb.fxgl.app.services.UpdaterService
11:49:55.849 [FXGL Background Thread 3 ] DEBUG Engine               - class com.almasb.fxgl.dev.DevService
11:49:59.243 [JavaFX Application Thread] DEBUG FXGLApplication      - Exiting FXGL
11:49:59.243 [JavaFX Application Thread] DEBUG LoopRunner           - Stopping loop
11:49:59.243 [JavaFX Application Thread] DEBUG SystemBundleService  - Saving FXGL system data
11:49:59.249 [JavaFX Application Thread] DEBUG FileSystemAccess     - Writing to: C:\Users\adrib\Documents\7to Cuatri\Programacion Concurrente\Corte 3\Proyecto_Simulador\system\fxgl.bundle
11:49:59.252 [JavaFX Application Thread] DEBUG Async                - Shutting down background threads
11:49:59.252 [JavaFX Application Thread] DEBUG PrimaryStageWindow   - Closing main window
11:49:59.275 [JavaFX Application Thread] DEBUG Logger               - Closing Logger
